2021-09-03T14:55:31,907 INFO [main] .s.c.c.c.ConfigServicePropertySourceLocator: Fetching config from server at : http://localhost:8888
2021-09-03T14:55:33,961 INFO [main] .s.c.c.c.ConfigServicePropertySourceLocator: Located environment: name=svc-scheduler-transaction-log, profiles=[preprod], label=v1, version=null, state=null
2021-09-03T14:55:33,962 INFO [main] .s.c.b.c.PropertySourceBootstrapConfiguration: Located property source: [BootstrapPropertySource {name='bootstrapProperties-svc-scheduler-transaction-log-preprod'}]
2021-09-03T14:55:33,991 INFO [main] .s.b.SpringApplication: The following profiles are active: local
2021-09-03T14:55:34,630 INFO [main] .s.d.r.c.RepositoryConfigurationDelegate: Bootstrapping Spring Data JPA repositories in DEFAULT mode.
2021-09-03T14:55:34,685 INFO [main] .s.d.r.c.RepositoryConfigurationDelegate: Finished Spring Data repository scanning in 48ms. Found 2 JPA repository interfaces.
2021-09-03T14:55:34,849 INFO [main] .s.c.c.s.GenericScope: BeanFactory id=aeefca26-bfc9-3abd-abff-6aecdde3f571
2021-09-03T14:55:35,277 INFO [main] .s.b.w.e.t.TomcatWebServer: Tomcat initialized with port(s): 9385 (http)
2021-09-03T14:55:35,284 INFO [main] .a.j.l.DirectJDKLog: Initializing ProtocolHandler ["http-nio-9385"]
2021-09-03T14:55:35,285 INFO [main] .a.j.l.DirectJDKLog: Starting service [Tomcat]
2021-09-03T14:55:35,285 INFO [main] .a.j.l.DirectJDKLog: Starting Servlet engine: [Apache Tomcat/9.0.31]
2021-09-03T14:55:35,393 INFO [main] .a.j.l.DirectJDKLog: Initializing Spring embedded WebApplicationContext
2021-09-03T14:55:35,393 INFO [main] .s.b.w.s.c.ServletWebServerApplicationContext: Root WebApplicationContext: initialization completed in 1388 ms
2021-09-03T14:55:35,734 INFO [main] .z.h.HikariDataSource: HikariPool-1 - Starting...
2021-09-03T14:55:37,278 INFO [main] .z.h.HikariDataSource: HikariPool-1 - Start completed.
2021-09-03T14:55:37,332 INFO [main] .h.j.i.u.LogHelper: HHH000204: Processing PersistenceUnitInfo [name: default]
2021-09-03T14:55:37,390 INFO [main] .h.Version: HHH000412: Hibernate ORM core version 5.4.12.Final
2021-09-03T14:55:37,493 INFO [main] .h.a.c.r.j.JavaReflectionManager: HCANN000001: Hibernate Commons Annotations {5.1.0.Final}
2021-09-03T14:55:37,588 INFO [main] .h.d.Dialect: HHH000400: Using dialect: org.hibernate.dialect.PostgreSQL10Dialect
2021-09-03T14:55:41,222 INFO [main] .h.e.t.j.p.i.JtaPlatformInitiator: HHH000490: Using JtaPlatform implementation: [org.hibernate.engine.transaction.jta.platform.internal.NoJtaPlatform]
2021-09-03T14:55:41,229 INFO [main] .s.o.j.AbstractEntityManagerFactoryBean: Initialized JPA EntityManagerFactory for persistence unit 'default'
2021-09-03T14:55:41,427 WARN [main] .s.b.a.o.j.JpaBaseConfiguration$JpaWebConfiguration: spring.jpa.open-in-view is enabled by default. Therefore, database queries may be performed during view rendering. Explicitly configure spring.jpa.open-in-view to disable this warning
2021-09-03T14:55:41,795 INFO [main] .s.s.c.ExecutorConfigurationSupport: Initializing ExecutorService 'applicationTaskExecutor'
2021-09-03T14:55:42,158 INFO [main] .s.s.c.ExecutorConfigurationSupport: Initializing ExecutorService 'taskScheduler'
2021-09-03T14:55:43,042 INFO [main] .s.b.a.e.w.EndpointLinksResolver: Exposing 3 endpoint(s) beneath base path '/actuator'
2021-09-03T14:55:43,112 WARN [main] .s.c.s.AbstractApplicationContext: Exception encountered during context initialization - cancelling refresh attempt: org.springframework.beans.factory.BeanCreationException: Error creating bean with name 'scopedTarget.SFTPClient': Injection of autowired dependencies failed; nested exception is java.lang.IllegalArgumentException: Could not resolve placeholder 'sftp.transaction.log.username' in value "${sftp.transaction.log.username}"
2021-09-03T14:55:43,113 INFO [main] .s.s.c.ExecutorConfigurationSupport: Shutting down ExecutorService 'taskScheduler'
2021-09-03T14:55:43,114 WARN [main] .s.b.f.s.DisposableBeanAdapter: Invocation of destroy method failed on bean with name 'tomcatMetricsBinder': java.lang.NullPointerException
2021-09-03T14:55:43,115 INFO [main] .s.s.c.ExecutorConfigurationSupport: Shutting down ExecutorService 'applicationTaskExecutor'
2021-09-03T14:55:43,116 INFO [main] .s.o.j.AbstractEntityManagerFactoryBean: Closing JPA EntityManagerFactory for persistence unit 'default'
2021-09-03T14:55:43,117 INFO [main] .z.h.HikariDataSource: HikariPool-1 - Shutdown initiated...
2021-09-03T14:55:43,240 INFO [main] .z.h.HikariDataSource: HikariPool-1 - Shutdown completed.
2021-09-03T14:55:43,244 INFO [main] .a.j.l.DirectJDKLog: Stopping service [Tomcat]
2021-09-03T14:55:43,261 INFO [main] .s.b.a.l.ConditionEvaluationReportLoggingListener: 

Error starting ApplicationContext. To display the conditions report re-run your application with 'debug' enabled.
2021-09-03T14:55:43,268 ERROR[main] .s.b.SpringApplication: Application run failed
org.springframework.beans.factory.BeanCreationException: Error creating bean with name 'scopedTarget.SFTPClient': Injection of autowired dependencies failed; nested exception is java.lang.IllegalArgumentException: Could not resolve placeholder 'sftp.transaction.log.username' in value "${sftp.transaction.log.username}"
	at org.springframework.beans.factory.annotation.AutowiredAnnotationBeanPostProcessor.postProcessProperties(AutowiredAnnotationBeanPostProcessor.java:405)
	at org.springframework.beans.factory.support.AbstractAutowireCapableBeanFactory.populateBean(AbstractAutowireCapableBeanFactory.java:1422)
	at org.springframework.beans.factory.support.AbstractAutowireCapableBeanFactory.doCreateBean(AbstractAutowireCapableBeanFactory.java:594)
	at org.springframework.beans.factory.support.AbstractAutowireCapableBeanFactory.createBean(AbstractAutowireCapableBeanFactory.java:517)
	at org.springframework.beans.factory.support.AbstractBeanFactory.lambda$doGetBean$1(AbstractBeanFactory.java:359)
	at org.springframework.cloud.context.scope.GenericScope$BeanLifecycleWrapper.getBean(GenericScope.java:389)
	at org.springframework.cloud.context.scope.GenericScope.get(GenericScope.java:186)
	at org.springframework.beans.factory.support.AbstractBeanFactory.doGetBean(AbstractBeanFactory.java:356)
	at org.springframework.beans.factory.support.AbstractBeanFactory.getBean(AbstractBeanFactory.java:202)
	at org.springframework.context.support.AbstractApplicationContext.getBean(AbstractApplicationContext.java:1108)
	at org.springframework.cloud.context.scope.refresh.RefreshScope.eagerlyInitialize(RefreshScope.java:127)
	at org.springframework.cloud.context.scope.refresh.RefreshScope.start(RefreshScope.java:118)
	at org.springframework.cloud.context.scope.refresh.RefreshScope.onApplicationEvent(RefreshScope.java:112)
	at org.springframework.cloud.context.scope.refresh.RefreshScope.onApplicationEvent(RefreshScope.java:66)
	at org.springframework.context.event.SimpleApplicationEventMulticaster.doInvokeListener(SimpleApplicationEventMulticaster.java:172)
	at org.springframework.context.event.SimpleApplicationEventMulticaster.invokeListener(SimpleApplicationEventMulticaster.java:165)
	at org.springframework.context.event.SimpleApplicationEventMulticaster.multicastEvent(SimpleApplicationEventMulticaster.java:139)
	at org.springframework.context.support.AbstractApplicationContext.publishEvent(AbstractApplicationContext.java:403)
	at org.springframework.context.support.AbstractApplicationContext.publishEvent(AbstractApplicationContext.java:360)
	at org.springframework.context.support.AbstractApplicationContext.finishRefresh(AbstractApplicationContext.java:897)
	at org.springframework.boot.web.servlet.context.ServletWebServerApplicationContext.finishRefresh(ServletWebServerApplicationContext.java:162)
	at org.springframework.context.support.AbstractApplicationContext.refresh(AbstractApplicationContext.java:553)
	at org.springframework.boot.web.servlet.context.ServletWebServerApplicationContext.refresh(ServletWebServerApplicationContext.java:141)
	at org.springframework.boot.SpringApplication.refresh(SpringApplication.java:747)
	at org.springframework.boot.SpringApplication.refreshContext(SpringApplication.java:397)
	at org.springframework.boot.SpringApplication.run(SpringApplication.java:315)
	at org.springframework.boot.SpringApplication.run(SpringApplication.java:1226)
	at org.springframework.boot.SpringApplication.run(SpringApplication.java:1215)
	at trilogi.myg.svc.scheduler.transaction.log.SvcSchedulerTransactionLogApplication.main(SvcSchedulerTransactionLogApplication.java:12)
Caused by: java.lang.IllegalArgumentException: Could not resolve placeholder 'sftp.transaction.log.username' in value "${sftp.transaction.log.username}"
	at org.springframework.util.PropertyPlaceholderHelper.parseStringValue(PropertyPlaceholderHelper.java:178)
	at org.springframework.util.PropertyPlaceholderHelper.replacePlaceholders(PropertyPlaceholderHelper.java:124)
	at org.springframework.core.env.AbstractPropertyResolver.doResolvePlaceholders(AbstractPropertyResolver.java:236)
	at org.springframework.core.env.AbstractPropertyResolver.resolveRequiredPlaceholders(AbstractPropertyResolver.java:210)
	at org.springframework.context.support.PropertySourcesPlaceholderConfigurer.lambda$processProperties$0(PropertySourcesPlaceholderConfigurer.java:175)
	at org.springframework.beans.factory.support.AbstractBeanFactory.resolveEmbeddedValue(AbstractBeanFactory.java:909)
	at org.springframework.beans.factory.support.DefaultListableBeanFactory.doResolveDependency(DefaultListableBeanFactory.java:1228)
	at org.springframework.beans.factory.support.DefaultListableBeanFactory.resolveDependency(DefaultListableBeanFactory.java:1207)
	at org.springframework.beans.factory.annotation.AutowiredAnnotationBeanPostProcessor$AutowiredFieldElement.inject(AutowiredAnnotationBeanPostProcessor.java:640)
	at org.springframework.beans.factory.annotation.InjectionMetadata.inject(InjectionMetadata.java:130)
	at org.springframework.beans.factory.annotation.AutowiredAnnotationBeanPostProcessor.postProcessProperties(AutowiredAnnotationBeanPostProcessor.java:399)
	... 28 more
2021-09-03T14:59:59,723 INFO [main] .s.c.c.c.ConfigServicePropertySourceLocator: Fetching config from server at : http://localhost:8888
2021-09-03T15:00:00,138 INFO [main] .s.c.c.c.ConfigServicePropertySourceLocator: Located environment: name=svc-scheduler-transaction-log, profiles=[preprod], label=v1, version=null, state=null
2021-09-03T15:00:00,139 INFO [main] .s.c.b.c.PropertySourceBootstrapConfiguration: Located property source: [BootstrapPropertySource {name='bootstrapProperties-svc-scheduler-transaction-log-preprod'}]
2021-09-03T15:00:00,181 INFO [main] .s.b.SpringApplication: The following profiles are active: local
2021-09-03T15:00:00,817 INFO [main] .s.d.r.c.RepositoryConfigurationDelegate: Bootstrapping Spring Data JPA repositories in DEFAULT mode.
2021-09-03T15:00:00,864 INFO [main] .s.d.r.c.RepositoryConfigurationDelegate: Finished Spring Data repository scanning in 40ms. Found 2 JPA repository interfaces.
2021-09-03T15:00:01,039 INFO [main] .s.c.c.s.GenericScope: BeanFactory id=aeefca26-bfc9-3abd-abff-6aecdde3f571
2021-09-03T15:00:01,477 INFO [main] .s.b.w.e.t.TomcatWebServer: Tomcat initialized with port(s): 9385 (http)
2021-09-03T15:00:01,484 INFO [main] .a.j.l.DirectJDKLog: Initializing ProtocolHandler ["http-nio-9385"]
2021-09-03T15:00:01,485 INFO [main] .a.j.l.DirectJDKLog: Starting service [Tomcat]
2021-09-03T15:00:01,485 INFO [main] .a.j.l.DirectJDKLog: Starting Servlet engine: [Apache Tomcat/9.0.31]
2021-09-03T15:00:01,595 INFO [main] .a.j.l.DirectJDKLog: Initializing Spring embedded WebApplicationContext
2021-09-03T15:00:01,596 INFO [main] .s.b.w.s.c.ServletWebServerApplicationContext: Root WebApplicationContext: initialization completed in 1393 ms
2021-09-03T15:00:01,916 INFO [main] .z.h.HikariDataSource: HikariPool-1 - Starting...
2021-09-03T15:00:03,320 INFO [main] .z.h.HikariDataSource: HikariPool-1 - Start completed.
2021-09-03T15:00:03,373 INFO [main] .h.j.i.u.LogHelper: HHH000204: Processing PersistenceUnitInfo [name: default]
2021-09-03T15:00:03,433 INFO [main] .h.Version: HHH000412: Hibernate ORM core version 5.4.12.Final
2021-09-03T15:00:03,535 INFO [main] .h.a.c.r.j.JavaReflectionManager: HCANN000001: Hibernate Commons Annotations {5.1.0.Final}
2021-09-03T15:00:03,626 INFO [main] .h.d.Dialect: HHH000400: Using dialect: org.hibernate.dialect.PostgreSQL10Dialect
2021-09-03T15:00:05,320 INFO [main] .h.e.t.j.p.i.JtaPlatformInitiator: HHH000490: Using JtaPlatform implementation: [org.hibernate.engine.transaction.jta.platform.internal.NoJtaPlatform]
2021-09-03T15:00:05,327 INFO [main] .s.o.j.AbstractEntityManagerFactoryBean: Initialized JPA EntityManagerFactory for persistence unit 'default'
2021-09-03T15:00:05,485 WARN [main] .s.b.a.o.j.JpaBaseConfiguration$JpaWebConfiguration: spring.jpa.open-in-view is enabled by default. Therefore, database queries may be performed during view rendering. Explicitly configure spring.jpa.open-in-view to disable this warning
2021-09-03T15:00:05,845 INFO [main] .s.s.c.ExecutorConfigurationSupport: Initializing ExecutorService 'applicationTaskExecutor'
2021-09-03T15:00:06,227 INFO [main] .s.s.c.ExecutorConfigurationSupport: Initializing ExecutorService 'taskScheduler'
2021-09-03T15:00:07,082 INFO [main] .s.b.a.e.w.EndpointLinksResolver: Exposing 3 endpoint(s) beneath base path '/actuator'
2021-09-03T15:00:07,178 INFO [main] .a.j.l.DirectJDKLog: Starting ProtocolHandler ["http-nio-9385"]
2021-09-03T15:00:07,196 INFO [main] .s.b.w.e.t.TomcatWebServer: Tomcat started on port(s): 9385 (http) with context path '/svc-scheduler-transaction-log'
2021-09-03T15:00:07,513 INFO [RMI TCP Connection(1)-127.0.0.1] .a.j.l.DirectJDKLog: Initializing Spring DispatcherServlet 'dispatcherServlet'
2021-09-03T15:00:07,513 INFO [RMI TCP Connection(1)-127.0.0.1] .s.w.s.FrameworkServlet: Initializing Servlet 'dispatcherServlet'
2021-09-03T15:00:07,521 INFO [RMI TCP Connection(1)-127.0.0.1] .s.w.s.FrameworkServlet: Completed initialization in 8 ms
2021-09-03T15:00:08,045 INFO [main] .s.b.StartupInfoLogger: Started SvcSchedulerTransactionLogApplication in 10.715 seconds (JVM running for 12.559)
2021-09-03T15:01:00,002 INFO [scheduling-1] .m.s.s.t.l.s.TransactionLogTask: Starting Scheduler ...
2021-09-03T15:01:00,006 INFO [scheduling-1] .m.s.s.t.l.s.TransactionLogTask: Checking File : Trilogi_MyGraPARI_20210902_trilogi.csv
2021-09-03T15:01:06,073 INFO [RMI TCP Connection(3)-127.0.0.1] .s.b.a.SpringApplicationAdminMXBeanRegistrar$SpringApplicationAdmin: Application shutdown requested.
2021-09-03T15:01:06,075 INFO [RMI TCP Connection(3)-127.0.0.1] .s.s.c.ExecutorConfigurationSupport: Shutting down ExecutorService 'taskScheduler'
2021-09-03T15:01:06,077 INFO [RMI TCP Connection(3)-127.0.0.1] .s.s.c.ExecutorConfigurationSupport: Shutting down ExecutorService 'applicationTaskExecutor'
2021-09-03T15:01:06,078 INFO [RMI TCP Connection(3)-127.0.0.1] .s.o.j.AbstractEntityManagerFactoryBean: Closing JPA EntityManagerFactory for persistence unit 'default'
2021-09-03T15:01:06,081 INFO [RMI TCP Connection(3)-127.0.0.1] .z.h.HikariDataSource: HikariPool-1 - Shutdown initiated...
2021-09-03T15:01:06,089 INFO [RMI TCP Connection(3)-127.0.0.1] .z.h.HikariDataSource: HikariPool-1 - Shutdown completed.
2021-09-03T15:01:06,093 INFO [RMI TCP Connection(3)-127.0.0.1] .a.j.l.DirectJDKLog: Pausing ProtocolHandler ["http-nio-9385"]
2021-09-03T15:01:06,639 INFO [RMI TCP Connection(3)-127.0.0.1] .a.j.l.DirectJDKLog: Stopping service [Tomcat]
2021-09-03T15:01:06,643 INFO [RMI TCP Connection(3)-127.0.0.1] .a.j.l.DirectJDKLog: Destroying Spring FrameworkServlet 'dispatcherServlet'
2021-09-03T15:01:06,649 INFO [RMI TCP Connection(3)-127.0.0.1] .a.j.l.DirectJDKLog: Stopping ProtocolHandler ["http-nio-9385"]
2021-09-03T15:01:06,653 INFO [RMI TCP Connection(3)-127.0.0.1] .a.j.l.DirectJDKLog: Destroying ProtocolHandler ["http-nio-9385"]
2021-09-03T15:42:33,587 INFO [main] .s.c.c.c.ConfigServicePropertySourceLocator: Fetching config from server at : http://localhost:8888
2021-09-03T15:42:34,056 INFO [main] .s.c.c.c.ConfigServicePropertySourceLocator: Located environment: name=svc-scheduler-transaction-log, profiles=[preprod], label=v1, version=null, state=null
2021-09-03T15:42:34,057 INFO [main] .s.c.b.c.PropertySourceBootstrapConfiguration: Located property source: [BootstrapPropertySource {name='bootstrapProperties-svc-scheduler-transaction-log-preprod'}]
2021-09-03T15:42:34,083 INFO [main] .s.b.SpringApplication: The following profiles are active: local
2021-09-03T15:42:34,785 INFO [main] .s.d.r.c.RepositoryConfigurationDelegate: Bootstrapping Spring Data JPA repositories in DEFAULT mode.
2021-09-03T15:42:34,842 INFO [main] .s.d.r.c.RepositoryConfigurationDelegate: Finished Spring Data repository scanning in 50ms. Found 2 JPA repository interfaces.
2021-09-03T15:42:35,015 INFO [main] .s.c.c.s.GenericScope: BeanFactory id=aeefca26-bfc9-3abd-abff-6aecdde3f571
2021-09-03T15:42:35,454 INFO [main] .s.b.w.e.t.TomcatWebServer: Tomcat initialized with port(s): 9385 (http)
2021-09-03T15:42:35,463 INFO [main] .a.j.l.DirectJDKLog: Initializing ProtocolHandler ["http-nio-9385"]
2021-09-03T15:42:35,464 INFO [main] .a.j.l.DirectJDKLog: Starting service [Tomcat]
2021-09-03T15:42:35,465 INFO [main] .a.j.l.DirectJDKLog: Starting Servlet engine: [Apache Tomcat/9.0.31]
2021-09-03T15:42:35,603 INFO [main] .a.j.l.DirectJDKLog: Initializing Spring embedded WebApplicationContext
2021-09-03T15:42:35,603 INFO [main] .s.b.w.s.c.ServletWebServerApplicationContext: Root WebApplicationContext: initialization completed in 1509 ms
2021-09-03T15:42:35,940 INFO [main] .z.h.HikariDataSource: HikariPool-1 - Starting...
2021-09-03T15:42:38,512 INFO [main] .z.h.HikariDataSource: HikariPool-1 - Start completed.
2021-09-03T15:42:38,586 INFO [main] .h.j.i.u.LogHelper: HHH000204: Processing PersistenceUnitInfo [name: default]
2021-09-03T15:42:38,645 INFO [main] .h.Version: HHH000412: Hibernate ORM core version 5.4.12.Final
2021-09-03T15:42:38,746 INFO [main] .h.a.c.r.j.JavaReflectionManager: HCANN000001: Hibernate Commons Annotations {5.1.0.Final}
2021-09-03T15:42:38,834 INFO [main] .h.d.Dialect: HHH000400: Using dialect: org.hibernate.dialect.PostgreSQL10Dialect
2021-09-03T15:42:44,191 INFO [main] .h.e.t.j.p.i.JtaPlatformInitiator: HHH000490: Using JtaPlatform implementation: [org.hibernate.engine.transaction.jta.platform.internal.NoJtaPlatform]
2021-09-03T15:42:44,198 INFO [main] .s.o.j.AbstractEntityManagerFactoryBean: Initialized JPA EntityManagerFactory for persistence unit 'default'
2021-09-03T15:42:45,950 WARN [main] .s.b.a.o.j.JpaBaseConfiguration$JpaWebConfiguration: spring.jpa.open-in-view is enabled by default. Therefore, database queries may be performed during view rendering. Explicitly configure spring.jpa.open-in-view to disable this warning
2021-09-03T15:42:46,374 INFO [main] .s.s.c.ExecutorConfigurationSupport: Initializing ExecutorService 'applicationTaskExecutor'
2021-09-03T15:42:46,827 INFO [main] .s.s.c.ExecutorConfigurationSupport: Initializing ExecutorService 'taskScheduler'
2021-09-03T15:42:47,727 INFO [main] .s.b.a.e.w.EndpointLinksResolver: Exposing 3 endpoint(s) beneath base path '/actuator'
2021-09-03T15:42:47,824 INFO [main] .a.j.l.DirectJDKLog: Starting ProtocolHandler ["http-nio-9385"]
2021-09-03T15:42:47,846 INFO [main] .s.b.w.e.t.TomcatWebServer: Tomcat started on port(s): 9385 (http) with context path '/svc-scheduler-transaction-log'
2021-09-03T15:42:48,728 INFO [main] .s.b.StartupInfoLogger: Started SvcSchedulerTransactionLogApplication in 17.489 seconds (JVM running for 19.387)
2021-09-03T15:42:49,140 INFO [RMI TCP Connection(1)-127.0.0.1] .a.j.l.DirectJDKLog: Initializing Spring DispatcherServlet 'dispatcherServlet'
2021-09-03T15:42:49,140 INFO [RMI TCP Connection(1)-127.0.0.1] .s.w.s.FrameworkServlet: Initializing Servlet 'dispatcherServlet'
2021-09-03T15:42:49,149 INFO [RMI TCP Connection(1)-127.0.0.1] .s.w.s.FrameworkServlet: Completed initialization in 8 ms
2021-09-03T15:43:00,002 INFO [scheduling-1] .m.s.s.t.l.s.TransactionLogTask: Starting Scheduler ...
2021-09-03T15:43:00,003 INFO [scheduling-1] .m.s.s.t.l.s.TransactionLogTask: Checking File : Trilogi_MyGraPARI_20210902_trilogi.csv
2021-09-03T15:43:35,028 INFO [RMI TCP Connection(3)-127.0.0.1] .s.b.a.SpringApplicationAdminMXBeanRegistrar$SpringApplicationAdmin: Application shutdown requested.
2021-09-03T15:43:35,030 INFO [RMI TCP Connection(3)-127.0.0.1] .s.s.c.ExecutorConfigurationSupport: Shutting down ExecutorService 'taskScheduler'
2021-09-03T15:43:35,033 INFO [RMI TCP Connection(3)-127.0.0.1] .s.s.c.ExecutorConfigurationSupport: Shutting down ExecutorService 'applicationTaskExecutor'
2021-09-03T15:43:35,034 INFO [RMI TCP Connection(3)-127.0.0.1] .s.o.j.AbstractEntityManagerFactoryBean: Closing JPA EntityManagerFactory for persistence unit 'default'
2021-09-03T15:43:35,037 INFO [RMI TCP Connection(3)-127.0.0.1] .z.h.HikariDataSource: HikariPool-1 - Shutdown initiated...
2021-09-03T15:43:35,045 INFO [RMI TCP Connection(3)-127.0.0.1] .z.h.HikariDataSource: HikariPool-1 - Shutdown completed.
2021-09-03T15:43:35,050 INFO [RMI TCP Connection(3)-127.0.0.1] .a.j.l.DirectJDKLog: Pausing ProtocolHandler ["http-nio-9385"]
2021-09-03T15:43:35,557 INFO [RMI TCP Connection(3)-127.0.0.1] .a.j.l.DirectJDKLog: Stopping service [Tomcat]
2021-09-03T15:43:35,561 INFO [RMI TCP Connection(3)-127.0.0.1] .a.j.l.DirectJDKLog: Destroying Spring FrameworkServlet 'dispatcherServlet'
2021-09-03T15:43:35,567 INFO [RMI TCP Connection(3)-127.0.0.1] .a.j.l.DirectJDKLog: Stopping ProtocolHandler ["http-nio-9385"]
2021-09-03T15:43:35,571 INFO [RMI TCP Connection(3)-127.0.0.1] .a.j.l.DirectJDKLog: Destroying ProtocolHandler ["http-nio-9385"]
2021-09-03T15:43:52,941 INFO [main] .s.c.c.c.ConfigServicePropertySourceLocator: Fetching config from server at : http://localhost:8888
2021-09-03T15:43:54,260 INFO [main] .s.c.c.c.ConfigServicePropertySourceLocator: Located environment: name=svc-scheduler-transaction-log, profiles=[preprod], label=v1, version=null, state=null
2021-09-03T15:43:54,261 INFO [main] .s.c.b.c.PropertySourceBootstrapConfiguration: Located property source: [BootstrapPropertySource {name='bootstrapProperties-svc-scheduler-transaction-log-preprod'}]
2021-09-03T15:43:54,295 INFO [main] .s.b.SpringApplication: The following profiles are active: local
2021-09-03T15:43:54,875 INFO [main] .s.d.r.c.RepositoryConfigurationDelegate: Bootstrapping Spring Data JPA repositories in DEFAULT mode.
2021-09-03T15:43:54,922 INFO [main] .s.d.r.c.RepositoryConfigurationDelegate: Finished Spring Data repository scanning in 41ms. Found 2 JPA repository interfaces.
2021-09-03T15:43:55,088 INFO [main] .s.c.c.s.GenericScope: BeanFactory id=aeefca26-bfc9-3abd-abff-6aecdde3f571
2021-09-03T15:43:55,518 INFO [main] .s.b.w.e.t.TomcatWebServer: Tomcat initialized with port(s): 9385 (http)
2021-09-03T15:43:55,526 INFO [main] .a.j.l.DirectJDKLog: Initializing ProtocolHandler ["http-nio-9385"]
2021-09-03T15:43:55,527 INFO [main] .a.j.l.DirectJDKLog: Starting service [Tomcat]
2021-09-03T15:43:55,527 INFO [main] .a.j.l.DirectJDKLog: Starting Servlet engine: [Apache Tomcat/9.0.31]
2021-09-03T15:43:55,640 INFO [main] .a.j.l.DirectJDKLog: Initializing Spring embedded WebApplicationContext
2021-09-03T15:43:55,641 INFO [main] .s.b.w.s.c.ServletWebServerApplicationContext: Root WebApplicationContext: initialization completed in 1334 ms
2021-09-03T15:43:55,936 INFO [main] .z.h.HikariDataSource: HikariPool-1 - Starting...
2021-09-03T15:43:57,407 INFO [main] .z.h.HikariDataSource: HikariPool-1 - Start completed.
2021-09-03T15:43:57,461 INFO [main] .h.j.i.u.LogHelper: HHH000204: Processing PersistenceUnitInfo [name: default]
2021-09-03T15:43:57,518 INFO [main] .h.Version: HHH000412: Hibernate ORM core version 5.4.12.Final
2021-09-03T15:43:57,618 INFO [main] .h.a.c.r.j.JavaReflectionManager: HCANN000001: Hibernate Commons Annotations {5.1.0.Final}
2021-09-03T15:43:57,714 INFO [main] .h.d.Dialect: HHH000400: Using dialect: org.hibernate.dialect.PostgreSQL10Dialect
2021-09-03T15:44:01,041 INFO [main] .h.e.t.j.p.i.JtaPlatformInitiator: HHH000490: Using JtaPlatform implementation: [org.hibernate.engine.transaction.jta.platform.internal.NoJtaPlatform]
2021-09-03T15:44:01,048 INFO [main] .s.o.j.AbstractEntityManagerFactoryBean: Initialized JPA EntityManagerFactory for persistence unit 'default'
2021-09-03T15:44:01,241 WARN [main] .s.b.a.o.j.JpaBaseConfiguration$JpaWebConfiguration: spring.jpa.open-in-view is enabled by default. Therefore, database queries may be performed during view rendering. Explicitly configure spring.jpa.open-in-view to disable this warning
2021-09-03T15:44:01,625 INFO [main] .s.s.c.ExecutorConfigurationSupport: Initializing ExecutorService 'applicationTaskExecutor'
2021-09-03T15:44:01,982 INFO [main] .s.s.c.ExecutorConfigurationSupport: Initializing ExecutorService 'taskScheduler'
2021-09-03T15:44:02,840 INFO [main] .s.b.a.e.w.EndpointLinksResolver: Exposing 3 endpoint(s) beneath base path '/actuator'
2021-09-03T15:44:02,859 INFO [RMI TCP Connection(1)-127.0.0.1] .a.j.l.DirectJDKLog: Initializing Spring DispatcherServlet 'dispatcherServlet'
2021-09-03T15:44:02,860 INFO [RMI TCP Connection(1)-127.0.0.1] .s.w.s.FrameworkServlet: Initializing Servlet 'dispatcherServlet'
2021-09-03T15:44:02,870 INFO [RMI TCP Connection(1)-127.0.0.1] .s.w.s.FrameworkServlet: Completed initialization in 10 ms
2021-09-03T15:44:02,945 INFO [main] .a.j.l.DirectJDKLog: Starting ProtocolHandler ["http-nio-9385"]
2021-09-03T15:44:02,965 INFO [main] .s.b.w.e.t.TomcatWebServer: Tomcat started on port(s): 9385 (http) with context path '/svc-scheduler-transaction-log'
2021-09-03T15:44:03,818 INFO [main] .s.b.StartupInfoLogger: Started SvcSchedulerTransactionLogApplication in 13.12 seconds (JVM running for 14.917)
2021-09-03T15:45:00,003 INFO [scheduling-1] .m.s.s.t.l.s.TransactionLogTask: Starting Scheduler ...
2021-09-03T15:45:00,006 INFO [scheduling-1] .m.s.s.t.l.s.TransactionLogTask: Checking File : Trilogi_MyGraPARI_20210902_trilogi.csv
2021-09-03T15:45:47,766 INFO [RMI TCP Connection(4)-127.0.0.1] .s.b.a.SpringApplicationAdminMXBeanRegistrar$SpringApplicationAdmin: Application shutdown requested.
2021-09-03T15:45:47,769 INFO [RMI TCP Connection(4)-127.0.0.1] .s.s.c.ExecutorConfigurationSupport: Shutting down ExecutorService 'taskScheduler'
2021-09-03T15:45:47,772 INFO [RMI TCP Connection(4)-127.0.0.1] .s.s.c.ExecutorConfigurationSupport: Shutting down ExecutorService 'applicationTaskExecutor'
2021-09-03T15:45:47,773 INFO [RMI TCP Connection(4)-127.0.0.1] .s.o.j.AbstractEntityManagerFactoryBean: Closing JPA EntityManagerFactory for persistence unit 'default'
2021-09-03T15:45:47,776 INFO [RMI TCP Connection(4)-127.0.0.1] .z.h.HikariDataSource: HikariPool-1 - Shutdown initiated...
2021-09-03T15:45:47,784 INFO [RMI TCP Connection(4)-127.0.0.1] .z.h.HikariDataSource: HikariPool-1 - Shutdown completed.
2021-09-03T15:45:47,789 INFO [RMI TCP Connection(4)-127.0.0.1] .a.j.l.DirectJDKLog: Pausing ProtocolHandler ["http-nio-9385"]
2021-09-03T15:45:48,329 INFO [RMI TCP Connection(4)-127.0.0.1] .a.j.l.DirectJDKLog: Stopping service [Tomcat]
2021-09-03T15:45:48,333 INFO [RMI TCP Connection(4)-127.0.0.1] .a.j.l.DirectJDKLog: Destroying Spring FrameworkServlet 'dispatcherServlet'
2021-09-03T15:45:48,340 INFO [RMI TCP Connection(4)-127.0.0.1] .a.j.l.DirectJDKLog: Stopping ProtocolHandler ["http-nio-9385"]
2021-09-03T15:45:48,343 INFO [RMI TCP Connection(4)-127.0.0.1] .a.j.l.DirectJDKLog: Destroying ProtocolHandler ["http-nio-9385"]
