2021-08-30T14:05:33,267 INFO [main] .s.c.c.c.ConfigServicePropertySourceLocator: Fetching config from server at : http://localhost:8888
2021-08-30T14:05:36,183 INFO [main] .s.c.c.c.ConfigServicePropertySourceLocator: Located environment: name=svc-scheduler-transaction-log, profiles=[preprod], label=v1, version=null, state=null
2021-08-30T14:05:36,184 INFO [main] .s.c.b.c.PropertySourceBootstrapConfiguration: Located property source: [BootstrapPropertySource {name='bootstrapProperties-svc-scheduler-transaction-log-preprod'}]
2021-08-30T14:05:36,218 INFO [main] .s.b.SpringApplication: The following profiles are active: local
2021-08-30T14:05:37,023 INFO [main] .s.d.r.c.RepositoryConfigurationDelegate: Bootstrapping Spring Data JPA repositories in DEFAULT mode.
2021-08-30T14:05:37,086 INFO [main] .s.d.r.c.RepositoryConfigurationDelegate: Finished Spring Data repository scanning in 54ms. Found 2 JPA repository interfaces.
2021-08-30T14:05:37,257 INFO [main] .s.c.c.s.GenericScope: BeanFactory id=2b526c6b-3b4f-348e-a355-f302ba9d3d23
2021-08-30T14:05:37,720 INFO [main] .s.b.w.e.t.TomcatWebServer: Tomcat initialized with port(s): 9385 (http)
2021-08-30T14:05:37,729 INFO [main] .a.j.l.DirectJDKLog: Initializing ProtocolHandler ["http-nio-9385"]
2021-08-30T14:05:37,730 INFO [main] .a.j.l.DirectJDKLog: Starting service [Tomcat]
2021-08-30T14:05:37,731 INFO [main] .a.j.l.DirectJDKLog: Starting Servlet engine: [Apache Tomcat/9.0.31]
2021-08-30T14:05:37,861 INFO [main] .a.j.l.DirectJDKLog: Initializing Spring embedded WebApplicationContext
2021-08-30T14:05:37,861 INFO [main] .s.b.w.s.c.ServletWebServerApplicationContext: Root WebApplicationContext: initialization completed in 1631 ms
2021-08-30T14:05:38,211 INFO [main] .z.h.HikariDataSource: HikariPool-1 - Starting...
2021-08-30T14:05:41,539 INFO [main] .z.h.HikariDataSource: HikariPool-1 - Start completed.
2021-08-30T14:05:41,627 INFO [main] .h.j.i.u.LogHelper: HHH000204: Processing PersistenceUnitInfo [name: default]
2021-08-30T14:05:41,722 INFO [main] .h.Version: HHH000412: Hibernate ORM core version 5.4.12.Final
2021-08-30T14:05:41,897 INFO [main] .h.a.c.r.j.JavaReflectionManager: HCANN000001: Hibernate Commons Annotations {5.1.0.Final}
2021-08-30T14:05:42,034 INFO [main] .h.d.Dialect: HHH000400: Using dialect: org.hibernate.dialect.PostgreSQL10Dialect
2021-08-30T14:05:46,617 INFO [main] .h.e.t.j.p.i.JtaPlatformInitiator: HHH000490: Using JtaPlatform implementation: [org.hibernate.engine.transaction.jta.platform.internal.NoJtaPlatform]
2021-08-30T14:05:46,625 INFO [main] .s.o.j.AbstractEntityManagerFactoryBean: Initialized JPA EntityManagerFactory for persistence unit 'default'
2021-08-30T14:05:46,783 WARN [main] .s.b.a.o.j.JpaBaseConfiguration$JpaWebConfiguration: spring.jpa.open-in-view is enabled by default. Therefore, database queries may be performed during view rendering. Explicitly configure spring.jpa.open-in-view to disable this warning
2021-08-30T14:05:47,215 INFO [main] .s.s.c.ExecutorConfigurationSupport: Initializing ExecutorService 'applicationTaskExecutor'
2021-08-30T14:05:47,614 INFO [main] .s.s.c.ExecutorConfigurationSupport: Initializing ExecutorService 'taskScheduler'
2021-08-30T14:05:48,487 INFO [main] .s.b.a.e.w.EndpointLinksResolver: Exposing 3 endpoint(s) beneath base path '/actuator'
2021-08-30T14:05:48,582 INFO [main] .a.j.l.DirectJDKLog: Starting ProtocolHandler ["http-nio-9385"]
2021-08-30T14:05:48,614 INFO [main] .s.b.w.e.t.TomcatWebServer: Tomcat started on port(s): 9385 (http) with context path '/svc-scheduler-transaction-log'
2021-08-30T14:05:48,733 INFO [RMI TCP Connection(1)-127.0.0.1] .a.j.l.DirectJDKLog: Initializing Spring DispatcherServlet 'dispatcherServlet'
2021-08-30T14:05:48,733 INFO [RMI TCP Connection(1)-127.0.0.1] .s.w.s.FrameworkServlet: Initializing Servlet 'dispatcherServlet'
2021-08-30T14:05:48,740 INFO [RMI TCP Connection(1)-127.0.0.1] .s.w.s.FrameworkServlet: Completed initialization in 7 ms
2021-08-30T14:05:49,463 INFO [main] .s.b.StartupInfoLogger: Started SvcSchedulerTransactionLogApplication in 18.591 seconds (JVM running for 20.466)
2021-08-30T14:06:00,150 DEBUG[scheduling-1] .h.e.j.s.SqlStatementLogger: 
    select
        transactio0_.id as id1_3_,
        transactio0_.created_by as created_2_3_,
        transactio0_.created_date as created_3_3_,
        transactio0_.description as descript4_3_,
        transactio0_.end_time as end_time5_3_,
        transactio0_.interaction_id as interact6_3_,
        transactio0_.kip_id as kip_id7_3_,
        transactio0_.nama_customer as nama_cus8_3_,
        transactio0_.no_hp as no_hp9_3_,
        transactio0_.start_time as start_t10_3_,
        transactio0_.status as status11_3_,
        transactio0_.terminal_id as termina12_3_,
        transactio0_.tgl_transaksi as tgl_tra13_3_,
        transactio0_.total_time as total_t14_3_,
        transactio0_.transaction_id as transac15_3_,
        transactio0_.transaction_type as transac16_3_ 
    from
        ps_transaction transactio0_ 
    where
        transactio0_.created_date>=? 
        and transactio0_.created_date<=?
2021-08-30T14:06:24,947 INFO [RMI TCP Connection(3)-127.0.0.1] .s.b.a.SpringApplicationAdminMXBeanRegistrar$SpringApplicationAdmin: Application shutdown requested.
2021-08-30T14:06:24,949 INFO [RMI TCP Connection(3)-127.0.0.1] .s.s.c.ExecutorConfigurationSupport: Shutting down ExecutorService 'taskScheduler'
2021-08-30T14:06:24,951 INFO [RMI TCP Connection(3)-127.0.0.1] .s.s.c.ExecutorConfigurationSupport: Shutting down ExecutorService 'applicationTaskExecutor'
2021-08-30T14:06:24,952 INFO [RMI TCP Connection(3)-127.0.0.1] .s.o.j.AbstractEntityManagerFactoryBean: Closing JPA EntityManagerFactory for persistence unit 'default'
2021-08-30T14:06:24,954 INFO [RMI TCP Connection(3)-127.0.0.1] .z.h.HikariDataSource: HikariPool-1 - Shutdown initiated...
2021-08-30T14:06:24,961 INFO [RMI TCP Connection(3)-127.0.0.1] .z.h.HikariDataSource: HikariPool-1 - Shutdown completed.
2021-08-30T14:06:24,965 INFO [RMI TCP Connection(3)-127.0.0.1] .a.j.l.DirectJDKLog: Pausing ProtocolHandler ["http-nio-9385"]
2021-08-30T14:06:25,497 INFO [RMI TCP Connection(3)-127.0.0.1] .a.j.l.DirectJDKLog: Stopping service [Tomcat]
2021-08-30T14:06:25,502 INFO [RMI TCP Connection(3)-127.0.0.1] .a.j.l.DirectJDKLog: Destroying Spring FrameworkServlet 'dispatcherServlet'
2021-08-30T14:06:25,509 INFO [RMI TCP Connection(3)-127.0.0.1] .a.j.l.DirectJDKLog: Stopping ProtocolHandler ["http-nio-9385"]
2021-08-30T14:06:25,513 INFO [RMI TCP Connection(3)-127.0.0.1] .a.j.l.DirectJDKLog: Destroying ProtocolHandler ["http-nio-9385"]
2021-08-30T14:06:53,984 INFO [main] .s.c.c.c.ConfigServicePropertySourceLocator: Fetching config from server at : http://localhost:8888
2021-08-30T14:06:55,225 INFO [main] .s.c.c.c.ConfigServicePropertySourceLocator: Located environment: name=svc-scheduler-transaction-log, profiles=[preprod], label=v1, version=null, state=null
2021-08-30T14:06:55,226 INFO [main] .s.c.b.c.PropertySourceBootstrapConfiguration: Located property source: [BootstrapPropertySource {name='bootstrapProperties-svc-scheduler-transaction-log-preprod'}]
2021-08-30T14:06:55,265 INFO [main] .s.b.SpringApplication: The following profiles are active: local
2021-08-30T14:06:55,856 INFO [main] .s.d.r.c.RepositoryConfigurationDelegate: Bootstrapping Spring Data JPA repositories in DEFAULT mode.
2021-08-30T14:06:55,919 INFO [main] .s.d.r.c.RepositoryConfigurationDelegate: Finished Spring Data repository scanning in 43ms. Found 2 JPA repository interfaces.
2021-08-30T14:06:56,072 INFO [main] .s.c.c.s.GenericScope: BeanFactory id=2b526c6b-3b4f-348e-a355-f302ba9d3d23
2021-08-30T14:06:56,477 INFO [main] .s.b.w.e.t.TomcatWebServer: Tomcat initialized with port(s): 9385 (http)
2021-08-30T14:06:56,484 INFO [main] .a.j.l.DirectJDKLog: Initializing ProtocolHandler ["http-nio-9385"]
2021-08-30T14:06:56,485 INFO [main] .a.j.l.DirectJDKLog: Starting service [Tomcat]
2021-08-30T14:06:56,486 INFO [main] .a.j.l.DirectJDKLog: Starting Servlet engine: [Apache Tomcat/9.0.31]
2021-08-30T14:06:56,593 INFO [main] .a.j.l.DirectJDKLog: Initializing Spring embedded WebApplicationContext
2021-08-30T14:06:56,593 INFO [main] .s.b.w.s.c.ServletWebServerApplicationContext: Root WebApplicationContext: initialization completed in 1317 ms
2021-08-30T14:06:56,900 INFO [main] .z.h.HikariDataSource: HikariPool-1 - Starting...
2021-08-30T14:07:00,192 INFO [main] .z.h.HikariDataSource: HikariPool-1 - Start completed.
2021-08-30T14:07:00,245 INFO [main] .h.j.i.u.LogHelper: HHH000204: Processing PersistenceUnitInfo [name: default]
2021-08-30T14:07:00,303 INFO [main] .h.Version: HHH000412: Hibernate ORM core version 5.4.12.Final
2021-08-30T14:07:00,406 INFO [main] .h.a.c.r.j.JavaReflectionManager: HCANN000001: Hibernate Commons Annotations {5.1.0.Final}
2021-08-30T14:07:00,502 INFO [main] .h.d.Dialect: HHH000400: Using dialect: org.hibernate.dialect.PostgreSQL10Dialect
2021-08-30T14:07:09,639 INFO [main] .h.e.t.j.p.i.JtaPlatformInitiator: HHH000490: Using JtaPlatform implementation: [org.hibernate.engine.transaction.jta.platform.internal.NoJtaPlatform]
2021-08-30T14:07:09,647 INFO [main] .s.o.j.AbstractEntityManagerFactoryBean: Initialized JPA EntityManagerFactory for persistence unit 'default'
2021-08-30T14:07:09,776 WARN [main] .s.b.a.o.j.JpaBaseConfiguration$JpaWebConfiguration: spring.jpa.open-in-view is enabled by default. Therefore, database queries may be performed during view rendering. Explicitly configure spring.jpa.open-in-view to disable this warning
2021-08-30T14:07:10,183 INFO [main] .s.s.c.ExecutorConfigurationSupport: Initializing ExecutorService 'applicationTaskExecutor'
2021-08-30T14:07:10,561 INFO [main] .s.s.c.ExecutorConfigurationSupport: Initializing ExecutorService 'taskScheduler'
2021-08-30T14:07:11,424 INFO [main] .s.b.a.e.w.EndpointLinksResolver: Exposing 3 endpoint(s) beneath base path '/actuator'
2021-08-30T14:07:11,508 INFO [main] .a.j.l.DirectJDKLog: Starting ProtocolHandler ["http-nio-9385"]
2021-08-30T14:07:11,527 INFO [main] .s.b.w.e.t.TomcatWebServer: Tomcat started on port(s): 9385 (http) with context path '/svc-scheduler-transaction-log'
2021-08-30T14:07:11,990 INFO [RMI TCP Connection(1)-127.0.0.1] .a.j.l.DirectJDKLog: Initializing Spring DispatcherServlet 'dispatcherServlet'
2021-08-30T14:07:11,990 INFO [RMI TCP Connection(1)-127.0.0.1] .s.w.s.FrameworkServlet: Initializing Servlet 'dispatcherServlet'
2021-08-30T14:07:11,997 INFO [RMI TCP Connection(1)-127.0.0.1] .s.w.s.FrameworkServlet: Completed initialization in 6 ms
2021-08-30T14:07:12,373 INFO [main] .s.b.StartupInfoLogger: Started SvcSchedulerTransactionLogApplication in 20.86 seconds (JVM running for 22.697)
2021-08-30T14:08:00,140 DEBUG[scheduling-1] .h.e.j.s.SqlStatementLogger: 
    select
        transactio0_.id as id1_3_,
        transactio0_.created_by as created_2_3_,
        transactio0_.created_date as created_3_3_,
        transactio0_.description as descript4_3_,
        transactio0_.end_time as end_time5_3_,
        transactio0_.interaction_id as interact6_3_,
        transactio0_.kip_id as kip_id7_3_,
        transactio0_.nama_customer as nama_cus8_3_,
        transactio0_.no_hp as no_hp9_3_,
        transactio0_.start_time as start_t10_3_,
        transactio0_.status as status11_3_,
        transactio0_.terminal_id as termina12_3_,
        transactio0_.tgl_transaksi as tgl_tra13_3_,
        transactio0_.total_time as total_t14_3_,
        transactio0_.transaction_id as transac15_3_,
        transactio0_.transaction_type as transac16_3_ 
    from
        ps_transaction transactio0_ 
    where
        transactio0_.created_date>=? 
        and transactio0_.created_date<=?
2021-08-30T14:08:14,212 INFO [RMI TCP Connection(3)-127.0.0.1] .s.b.a.SpringApplicationAdminMXBeanRegistrar$SpringApplicationAdmin: Application shutdown requested.
2021-08-30T14:08:14,215 INFO [RMI TCP Connection(3)-127.0.0.1] .s.s.c.ExecutorConfigurationSupport: Shutting down ExecutorService 'taskScheduler'
2021-08-30T14:08:14,218 INFO [RMI TCP Connection(3)-127.0.0.1] .s.s.c.ExecutorConfigurationSupport: Shutting down ExecutorService 'applicationTaskExecutor'
2021-08-30T14:08:14,219 INFO [RMI TCP Connection(3)-127.0.0.1] .s.o.j.AbstractEntityManagerFactoryBean: Closing JPA EntityManagerFactory for persistence unit 'default'
2021-08-30T14:08:14,222 INFO [RMI TCP Connection(3)-127.0.0.1] .z.h.HikariDataSource: HikariPool-1 - Shutdown initiated...
2021-08-30T14:08:14,230 INFO [RMI TCP Connection(3)-127.0.0.1] .z.h.HikariDataSource: HikariPool-1 - Shutdown completed.
2021-08-30T14:08:14,235 INFO [RMI TCP Connection(3)-127.0.0.1] .a.j.l.DirectJDKLog: Pausing ProtocolHandler ["http-nio-9385"]
2021-08-30T14:08:14,758 INFO [RMI TCP Connection(3)-127.0.0.1] .a.j.l.DirectJDKLog: Stopping service [Tomcat]
2021-08-30T14:08:14,762 INFO [RMI TCP Connection(3)-127.0.0.1] .a.j.l.DirectJDKLog: Destroying Spring FrameworkServlet 'dispatcherServlet'
2021-08-30T14:08:14,769 INFO [RMI TCP Connection(3)-127.0.0.1] .a.j.l.DirectJDKLog: Stopping ProtocolHandler ["http-nio-9385"]
2021-08-30T14:08:14,772 INFO [RMI TCP Connection(3)-127.0.0.1] .a.j.l.DirectJDKLog: Destroying ProtocolHandler ["http-nio-9385"]
2021-08-30T14:09:24,775 INFO [main] .s.c.c.c.ConfigServicePropertySourceLocator: Fetching config from server at : http://localhost:8888
2021-08-30T14:09:26,573 INFO [main] .s.c.c.c.ConfigServicePropertySourceLocator: Located environment: name=svc-scheduler-transaction-log, profiles=[preprod], label=v1, version=null, state=null
2021-08-30T14:09:26,574 INFO [main] .s.c.b.c.PropertySourceBootstrapConfiguration: Located property source: [BootstrapPropertySource {name='bootstrapProperties-svc-scheduler-transaction-log-preprod'}]
2021-08-30T14:09:26,619 INFO [main] .s.b.SpringApplication: The following profiles are active: local
2021-08-30T14:09:27,185 INFO [main] .s.d.r.c.RepositoryConfigurationDelegate: Bootstrapping Spring Data JPA repositories in DEFAULT mode.
2021-08-30T14:09:27,233 INFO [main] .s.d.r.c.RepositoryConfigurationDelegate: Finished Spring Data repository scanning in 41ms. Found 2 JPA repository interfaces.
2021-08-30T14:09:27,378 INFO [main] .s.c.c.s.GenericScope: BeanFactory id=2b526c6b-3b4f-348e-a355-f302ba9d3d23
2021-08-30T14:09:27,784 INFO [main] .s.b.w.e.t.TomcatWebServer: Tomcat initialized with port(s): 9385 (http)
2021-08-30T14:09:27,791 INFO [main] .a.j.l.DirectJDKLog: Initializing ProtocolHandler ["http-nio-9385"]
2021-08-30T14:09:27,791 INFO [main] .a.j.l.DirectJDKLog: Starting service [Tomcat]
2021-08-30T14:09:27,792 INFO [main] .a.j.l.DirectJDKLog: Starting Servlet engine: [Apache Tomcat/9.0.31]
2021-08-30T14:09:27,898 INFO [main] .a.j.l.DirectJDKLog: Initializing Spring embedded WebApplicationContext
2021-08-30T14:09:27,899 INFO [main] .s.b.w.s.c.ServletWebServerApplicationContext: Root WebApplicationContext: initialization completed in 1266 ms
2021-08-30T14:09:28,203 INFO [main] .z.h.HikariDataSource: HikariPool-1 - Starting...
2021-08-30T14:09:31,357 INFO [main] .z.h.HikariDataSource: HikariPool-1 - Start completed.
2021-08-30T14:09:31,411 INFO [main] .h.j.i.u.LogHelper: HHH000204: Processing PersistenceUnitInfo [name: default]
2021-08-30T14:09:31,470 INFO [main] .h.Version: HHH000412: Hibernate ORM core version 5.4.12.Final
2021-08-30T14:09:31,573 INFO [main] .h.a.c.r.j.JavaReflectionManager: HCANN000001: Hibernate Commons Annotations {5.1.0.Final}
2021-08-30T14:09:31,666 INFO [main] .h.d.Dialect: HHH000400: Using dialect: org.hibernate.dialect.PostgreSQL10Dialect
2021-08-30T14:09:37,745 INFO [main] .h.e.t.j.p.i.JtaPlatformInitiator: HHH000490: Using JtaPlatform implementation: [org.hibernate.engine.transaction.jta.platform.internal.NoJtaPlatform]
2021-08-30T14:09:37,752 INFO [main] .s.o.j.AbstractEntityManagerFactoryBean: Initialized JPA EntityManagerFactory for persistence unit 'default'
2021-08-30T14:09:37,860 WARN [main] .s.b.a.o.j.JpaBaseConfiguration$JpaWebConfiguration: spring.jpa.open-in-view is enabled by default. Therefore, database queries may be performed during view rendering. Explicitly configure spring.jpa.open-in-view to disable this warning
2021-08-30T14:09:38,238 INFO [main] .s.s.c.ExecutorConfigurationSupport: Initializing ExecutorService 'applicationTaskExecutor'
2021-08-30T14:09:38,612 INFO [main] .s.s.c.ExecutorConfigurationSupport: Initializing ExecutorService 'taskScheduler'
2021-08-30T14:09:39,483 INFO [main] .s.b.a.e.w.EndpointLinksResolver: Exposing 3 endpoint(s) beneath base path '/actuator'
2021-08-30T14:09:39,569 INFO [main] .a.j.l.DirectJDKLog: Starting ProtocolHandler ["http-nio-9385"]
2021-08-30T14:09:39,589 INFO [main] .s.b.w.e.t.TomcatWebServer: Tomcat started on port(s): 9385 (http) with context path '/svc-scheduler-transaction-log'
2021-08-30T14:09:39,896 INFO [RMI TCP Connection(1)-127.0.0.1] .a.j.l.DirectJDKLog: Initializing Spring DispatcherServlet 'dispatcherServlet'
2021-08-30T14:09:39,897 INFO [RMI TCP Connection(1)-127.0.0.1] .s.w.s.FrameworkServlet: Initializing Servlet 'dispatcherServlet'
2021-08-30T14:09:39,904 INFO [RMI TCP Connection(1)-127.0.0.1] .s.w.s.FrameworkServlet: Completed initialization in 7 ms
2021-08-30T14:09:40,439 INFO [main] .s.b.StartupInfoLogger: Started SvcSchedulerTransactionLogApplication in 18.016 seconds (JVM running for 19.88)
2021-08-30T14:10:00,144 DEBUG[scheduling-1] .h.e.j.s.SqlStatementLogger: 
    select
        transactio0_.id as id1_3_,
        transactio0_.created_by as created_2_3_,
        transactio0_.created_date as created_3_3_,
        transactio0_.description as descript4_3_,
        transactio0_.end_time as end_time5_3_,
        transactio0_.interaction_id as interact6_3_,
        transactio0_.kip_id as kip_id7_3_,
        transactio0_.nama_customer as nama_cus8_3_,
        transactio0_.no_hp as no_hp9_3_,
        transactio0_.start_time as start_t10_3_,
        transactio0_.status as status11_3_,
        transactio0_.terminal_id as termina12_3_,
        transactio0_.tgl_transaksi as tgl_tra13_3_,
        transactio0_.total_time as total_t14_3_,
        transactio0_.transaction_id as transac15_3_,
        transactio0_.transaction_type as transac16_3_ 
    from
        ps_transaction transactio0_ 
    where
        transactio0_.created_date>=? 
        and transactio0_.created_date<=?
2021-08-30T14:10:00,498 DEBUG[scheduling-1] .h.e.j.s.SqlStatementLogger: 
    select
        lgpayment0_.id as id1_0_,
        lgpayment0_.amount as amount2_0_,
        lgpayment0_.created_by as created_3_0_,
        lgpayment0_.created_date as created_4_0_,
        lgpayment0_.ecr as ecr5_0_,
        lgpayment0_.fa_account_id as fa_accou6_0_,
        lgpayment0_.no_hp as no_hp7_0_,
        lgpayment0_.payment_method as payment_8_0_,
        lgpayment0_.rec_status as rec_stat9_0_,
        lgpayment0_.response_code as respons10_0_,
        lgpayment0_.status as status11_0_,
        lgpayment0_.submit_amount as submit_12_0_,
        lgpayment0_.transaction_id as transac13_0_,
        lgpayment0_.updated_by as updated14_0_,
        lgpayment0_.updated_date as updated15_0_ 
    from
        lg_payment lgpayment0_ 
    where
        lgpayment0_.transaction_id=?
2021-08-30T14:10:00,656 DEBUG[scheduling-1] .h.e.j.s.SqlStatementLogger: 
    select
        terminal0_.id as id1_2_0_,
        terminal0_.area as area2_2_0_,
        terminal0_.created_by as created_3_2_0_,
        terminal0_.created_date as created_4_2_0_,
        terminal0_.ctp_type as ctp_type5_2_0_,
        terminal0_.kecamatan as kecamata6_2_0_,
        terminal0_.kode_pos as kode_pos7_2_0_,
        terminal0_.kontak_pic as kontak_p8_2_0_,
        terminal0_.kota_kabupaten as kota_kab9_2_0_,
        terminal0_.pic as pic10_2_0_,
        terminal0_.rec_status as rec_sta11_2_0_,
        terminal0_.regional as regiona12_2_0_,
        terminal0_.regional_code as regiona13_2_0_,
        terminal0_.status as status14_2_0_,
        terminal0_.terminal_id as termina15_2_0_,
        terminal0_.terminal_location as termina16_2_0_,
        terminal0_.terminal_name as termina17_2_0_,
        terminal0_.updated_by as updated18_2_0_,
        terminal0_.updated_date as updated19_2_0_ 
    from
        ms_terminal terminal0_ 
    where
        terminal0_.terminal_id=?
2021-08-30T14:10:00,802 DEBUG[scheduling-1] .h.e.j.s.SqlStatementLogger: 
    select
        regionalre0_.id as id1_1_0_,
        regionalre0_.bank_code as bank_cod2_1_0_,
        regionalre0_.bank_code_api as bank_cod3_1_0_,
        regionalre0_.bank_name as bank_nam4_1_0_,
        regionalre0_.regional as regional5_1_0_,
        regionalre0_.regional_id as regional6_1_0_ 
    from
        ms_regional_revass regionalre0_ 
    where
        regionalre0_.regional_id=?
2021-08-30T14:10:00,928 DEBUG[scheduling-1] .h.e.j.s.SqlStatementLogger: 
    select
        lgpayment0_.id as id1_0_,
        lgpayment0_.amount as amount2_0_,
        lgpayment0_.created_by as created_3_0_,
        lgpayment0_.created_date as created_4_0_,
        lgpayment0_.ecr as ecr5_0_,
        lgpayment0_.fa_account_id as fa_accou6_0_,
        lgpayment0_.no_hp as no_hp7_0_,
        lgpayment0_.payment_method as payment_8_0_,
        lgpayment0_.rec_status as rec_stat9_0_,
        lgpayment0_.response_code as respons10_0_,
        lgpayment0_.status as status11_0_,
        lgpayment0_.submit_amount as submit_12_0_,
        lgpayment0_.transaction_id as transac13_0_,
        lgpayment0_.updated_by as updated14_0_,
        lgpayment0_.updated_date as updated15_0_ 
    from
        lg_payment lgpayment0_ 
    where
        lgpayment0_.transaction_id=?
2021-08-30T14:10:01,294 DEBUG[scheduling-1] .h.e.j.s.SqlStatementLogger: 
    select
        terminal0_.id as id1_2_0_,
        terminal0_.area as area2_2_0_,
        terminal0_.created_by as created_3_2_0_,
        terminal0_.created_date as created_4_2_0_,
        terminal0_.ctp_type as ctp_type5_2_0_,
        terminal0_.kecamatan as kecamata6_2_0_,
        terminal0_.kode_pos as kode_pos7_2_0_,
        terminal0_.kontak_pic as kontak_p8_2_0_,
        terminal0_.kota_kabupaten as kota_kab9_2_0_,
        terminal0_.pic as pic10_2_0_,
        terminal0_.rec_status as rec_sta11_2_0_,
        terminal0_.regional as regiona12_2_0_,
        terminal0_.regional_code as regiona13_2_0_,
        terminal0_.status as status14_2_0_,
        terminal0_.terminal_id as termina15_2_0_,
        terminal0_.terminal_location as termina16_2_0_,
        terminal0_.terminal_name as termina17_2_0_,
        terminal0_.updated_by as updated18_2_0_,
        terminal0_.updated_date as updated19_2_0_ 
    from
        ms_terminal terminal0_ 
    where
        terminal0_.terminal_id=?
2021-08-30T14:10:01,391 DEBUG[scheduling-1] .h.e.j.s.SqlStatementLogger: 
    select
        regionalre0_.id as id1_1_0_,
        regionalre0_.bank_code as bank_cod2_1_0_,
        regionalre0_.bank_code_api as bank_cod3_1_0_,
        regionalre0_.bank_name as bank_nam4_1_0_,
        regionalre0_.regional as regional5_1_0_,
        regionalre0_.regional_id as regional6_1_0_ 
    from
        ms_regional_revass regionalre0_ 
    where
        regionalre0_.regional_id=?
2021-08-30T14:10:01,479 DEBUG[scheduling-1] .h.e.j.s.SqlStatementLogger: 
    select
        lgpayment0_.id as id1_0_,
        lgpayment0_.amount as amount2_0_,
        lgpayment0_.created_by as created_3_0_,
        lgpayment0_.created_date as created_4_0_,
        lgpayment0_.ecr as ecr5_0_,
        lgpayment0_.fa_account_id as fa_accou6_0_,
        lgpayment0_.no_hp as no_hp7_0_,
        lgpayment0_.payment_method as payment_8_0_,
        lgpayment0_.rec_status as rec_stat9_0_,
        lgpayment0_.response_code as respons10_0_,
        lgpayment0_.status as status11_0_,
        lgpayment0_.submit_amount as submit_12_0_,
        lgpayment0_.transaction_id as transac13_0_,
        lgpayment0_.updated_by as updated14_0_,
        lgpayment0_.updated_date as updated15_0_ 
    from
        lg_payment lgpayment0_ 
    where
        lgpayment0_.transaction_id=?
2021-08-30T14:10:01,542 DEBUG[scheduling-1] .h.e.j.s.SqlStatementLogger: 
    select
        terminal0_.id as id1_2_0_,
        terminal0_.area as area2_2_0_,
        terminal0_.created_by as created_3_2_0_,
        terminal0_.created_date as created_4_2_0_,
        terminal0_.ctp_type as ctp_type5_2_0_,
        terminal0_.kecamatan as kecamata6_2_0_,
        terminal0_.kode_pos as kode_pos7_2_0_,
        terminal0_.kontak_pic as kontak_p8_2_0_,
        terminal0_.kota_kabupaten as kota_kab9_2_0_,
        terminal0_.pic as pic10_2_0_,
        terminal0_.rec_status as rec_sta11_2_0_,
        terminal0_.regional as regiona12_2_0_,
        terminal0_.regional_code as regiona13_2_0_,
        terminal0_.status as status14_2_0_,
        terminal0_.terminal_id as termina15_2_0_,
        terminal0_.terminal_location as termina16_2_0_,
        terminal0_.terminal_name as termina17_2_0_,
        terminal0_.updated_by as updated18_2_0_,
        terminal0_.updated_date as updated19_2_0_ 
    from
        ms_terminal terminal0_ 
    where
        terminal0_.terminal_id=?
2021-08-30T14:10:01,611 DEBUG[scheduling-1] .h.e.j.s.SqlStatementLogger: 
    select
        regionalre0_.id as id1_1_0_,
        regionalre0_.bank_code as bank_cod2_1_0_,
        regionalre0_.bank_code_api as bank_cod3_1_0_,
        regionalre0_.bank_name as bank_nam4_1_0_,
        regionalre0_.regional as regional5_1_0_,
        regionalre0_.regional_id as regional6_1_0_ 
    from
        ms_regional_revass regionalre0_ 
    where
        regionalre0_.regional_id=?
2021-08-30T14:10:01,664 DEBUG[scheduling-1] .h.e.j.s.SqlStatementLogger: 
    select
        lgpayment0_.id as id1_0_,
        lgpayment0_.amount as amount2_0_,
        lgpayment0_.created_by as created_3_0_,
        lgpayment0_.created_date as created_4_0_,
        lgpayment0_.ecr as ecr5_0_,
        lgpayment0_.fa_account_id as fa_accou6_0_,
        lgpayment0_.no_hp as no_hp7_0_,
        lgpayment0_.payment_method as payment_8_0_,
        lgpayment0_.rec_status as rec_stat9_0_,
        lgpayment0_.response_code as respons10_0_,
        lgpayment0_.status as status11_0_,
        lgpayment0_.submit_amount as submit_12_0_,
        lgpayment0_.transaction_id as transac13_0_,
        lgpayment0_.updated_by as updated14_0_,
        lgpayment0_.updated_date as updated15_0_ 
    from
        lg_payment lgpayment0_ 
    where
        lgpayment0_.transaction_id=?
2021-08-30T14:10:01,754 DEBUG[scheduling-1] .h.e.j.s.SqlStatementLogger: 
    select
        terminal0_.id as id1_2_0_,
        terminal0_.area as area2_2_0_,
        terminal0_.created_by as created_3_2_0_,
        terminal0_.created_date as created_4_2_0_,
        terminal0_.ctp_type as ctp_type5_2_0_,
        terminal0_.kecamatan as kecamata6_2_0_,
        terminal0_.kode_pos as kode_pos7_2_0_,
        terminal0_.kontak_pic as kontak_p8_2_0_,
        terminal0_.kota_kabupaten as kota_kab9_2_0_,
        terminal0_.pic as pic10_2_0_,
        terminal0_.rec_status as rec_sta11_2_0_,
        terminal0_.regional as regiona12_2_0_,
        terminal0_.regional_code as regiona13_2_0_,
        terminal0_.status as status14_2_0_,
        terminal0_.terminal_id as termina15_2_0_,
        terminal0_.terminal_location as termina16_2_0_,
        terminal0_.terminal_name as termina17_2_0_,
        terminal0_.updated_by as updated18_2_0_,
        terminal0_.updated_date as updated19_2_0_ 
    from
        ms_terminal terminal0_ 
    where
        terminal0_.terminal_id=?
2021-08-30T14:10:01,811 DEBUG[scheduling-1] .h.e.j.s.SqlStatementLogger: 
    select
        regionalre0_.id as id1_1_0_,
        regionalre0_.bank_code as bank_cod2_1_0_,
        regionalre0_.bank_code_api as bank_cod3_1_0_,
        regionalre0_.bank_name as bank_nam4_1_0_,
        regionalre0_.regional as regional5_1_0_,
        regionalre0_.regional_id as regional6_1_0_ 
    from
        ms_regional_revass regionalre0_ 
    where
        regionalre0_.regional_id=?
2021-08-30T14:10:15,433 INFO [RMI TCP Connection(3)-127.0.0.1] .s.b.a.SpringApplicationAdminMXBeanRegistrar$SpringApplicationAdmin: Application shutdown requested.
2021-08-30T14:10:15,436 INFO [RMI TCP Connection(3)-127.0.0.1] .s.s.c.ExecutorConfigurationSupport: Shutting down ExecutorService 'taskScheduler'
2021-08-30T14:10:15,439 INFO [RMI TCP Connection(3)-127.0.0.1] .s.s.c.ExecutorConfigurationSupport: Shutting down ExecutorService 'applicationTaskExecutor'
2021-08-30T14:10:15,440 INFO [RMI TCP Connection(3)-127.0.0.1] .s.o.j.AbstractEntityManagerFactoryBean: Closing JPA EntityManagerFactory for persistence unit 'default'
2021-08-30T14:10:15,442 INFO [RMI TCP Connection(3)-127.0.0.1] .z.h.HikariDataSource: HikariPool-1 - Shutdown initiated...
2021-08-30T14:10:15,450 INFO [RMI TCP Connection(3)-127.0.0.1] .z.h.HikariDataSource: HikariPool-1 - Shutdown completed.
2021-08-30T14:10:15,455 INFO [RMI TCP Connection(3)-127.0.0.1] .a.j.l.DirectJDKLog: Pausing ProtocolHandler ["http-nio-9385"]
2021-08-30T14:10:15,978 INFO [RMI TCP Connection(3)-127.0.0.1] .a.j.l.DirectJDKLog: Stopping service [Tomcat]
2021-08-30T14:10:15,981 INFO [RMI TCP Connection(3)-127.0.0.1] .a.j.l.DirectJDKLog: Destroying Spring FrameworkServlet 'dispatcherServlet'
2021-08-30T14:10:15,986 INFO [RMI TCP Connection(3)-127.0.0.1] .a.j.l.DirectJDKLog: Stopping ProtocolHandler ["http-nio-9385"]
2021-08-30T14:10:15,989 INFO [RMI TCP Connection(3)-127.0.0.1] .a.j.l.DirectJDKLog: Destroying ProtocolHandler ["http-nio-9385"]
2021-08-30T15:06:52,639 INFO [main] .s.c.c.c.ConfigServicePropertySourceLocator: Fetching config from server at : http://localhost:8888
2021-08-30T15:06:54,288 INFO [main] .s.c.c.c.ConfigServicePropertySourceLocator: Located environment: name=svc-scheduler-transaction-log, profiles=[preprod], label=v1, version=null, state=null
2021-08-30T15:06:54,288 INFO [main] .s.c.b.c.PropertySourceBootstrapConfiguration: Located property source: [BootstrapPropertySource {name='bootstrapProperties-svc-scheduler-transaction-log-preprod'}]
2021-08-30T15:06:54,324 INFO [main] .s.b.SpringApplication: The following profiles are active: local
2021-08-30T15:06:54,895 INFO [main] .s.d.r.c.RepositoryConfigurationDelegate: Bootstrapping Spring Data JPA repositories in DEFAULT mode.
2021-08-30T15:06:54,943 INFO [main] .s.d.r.c.RepositoryConfigurationDelegate: Finished Spring Data repository scanning in 42ms. Found 2 JPA repository interfaces.
2021-08-30T15:06:55,098 INFO [main] .s.c.c.s.GenericScope: BeanFactory id=2b526c6b-3b4f-348e-a355-f302ba9d3d23
2021-08-30T15:06:55,507 INFO [main] .s.b.w.e.t.TomcatWebServer: Tomcat initialized with port(s): 9385 (http)
2021-08-30T15:06:55,514 INFO [main] .a.j.l.DirectJDKLog: Initializing ProtocolHandler ["http-nio-9385"]
2021-08-30T15:06:55,515 INFO [main] .a.j.l.DirectJDKLog: Starting service [Tomcat]
2021-08-30T15:06:55,515 INFO [main] .a.j.l.DirectJDKLog: Starting Servlet engine: [Apache Tomcat/9.0.31]
2021-08-30T15:06:55,623 INFO [main] .a.j.l.DirectJDKLog: Initializing Spring embedded WebApplicationContext
2021-08-30T15:06:55,623 INFO [main] .s.b.w.s.c.ServletWebServerApplicationContext: Root WebApplicationContext: initialization completed in 1288 ms
2021-08-30T15:06:55,914 INFO [main] .z.h.HikariDataSource: HikariPool-1 - Starting...
2021-08-30T15:06:59,306 INFO [main] .z.h.HikariDataSource: HikariPool-1 - Start completed.
2021-08-30T15:06:59,375 INFO [main] .h.j.i.u.LogHelper: HHH000204: Processing PersistenceUnitInfo [name: default]
2021-08-30T15:06:59,438 INFO [main] .h.Version: HHH000412: Hibernate ORM core version 5.4.12.Final
2021-08-30T15:06:59,545 INFO [main] .h.a.c.r.j.JavaReflectionManager: HCANN000001: Hibernate Commons Annotations {5.1.0.Final}
2021-08-30T15:06:59,638 INFO [main] .h.d.Dialect: HHH000400: Using dialect: org.hibernate.dialect.PostgreSQL10Dialect
2021-08-30T15:07:06,574 INFO [main] .h.e.t.j.p.i.JtaPlatformInitiator: HHH000490: Using JtaPlatform implementation: [org.hibernate.engine.transaction.jta.platform.internal.NoJtaPlatform]
2021-08-30T15:07:06,581 INFO [main] .s.o.j.AbstractEntityManagerFactoryBean: Initialized JPA EntityManagerFactory for persistence unit 'default'
2021-08-30T15:07:06,729 WARN [main] .s.b.a.o.j.JpaBaseConfiguration$JpaWebConfiguration: spring.jpa.open-in-view is enabled by default. Therefore, database queries may be performed during view rendering. Explicitly configure spring.jpa.open-in-view to disable this warning
2021-08-30T15:07:07,100 INFO [main] .s.s.c.ExecutorConfigurationSupport: Initializing ExecutorService 'applicationTaskExecutor'
2021-08-30T15:07:07,474 INFO [main] .s.s.c.ExecutorConfigurationSupport: Initializing ExecutorService 'taskScheduler'
2021-08-30T15:07:08,367 INFO [RMI TCP Connection(1)-127.0.0.1] .a.j.l.DirectJDKLog: Initializing Spring DispatcherServlet 'dispatcherServlet'
2021-08-30T15:07:08,367 INFO [RMI TCP Connection(1)-127.0.0.1] .s.w.s.FrameworkServlet: Initializing Servlet 'dispatcherServlet'
2021-08-30T15:07:08,368 INFO [main] .s.b.a.e.w.EndpointLinksResolver: Exposing 3 endpoint(s) beneath base path '/actuator'
2021-08-30T15:07:08,384 INFO [RMI TCP Connection(1)-127.0.0.1] .s.w.s.FrameworkServlet: Completed initialization in 16 ms
2021-08-30T15:07:08,447 INFO [main] .a.j.l.DirectJDKLog: Starting ProtocolHandler ["http-nio-9385"]
2021-08-30T15:07:08,468 INFO [main] .s.b.w.e.t.TomcatWebServer: Tomcat started on port(s): 9385 (http) with context path '/svc-scheduler-transaction-log'
2021-08-30T15:07:09,293 INFO [main] .s.b.StartupInfoLogger: Started SvcSchedulerTransactionLogApplication in 19.159 seconds (JVM running for 21.047)
2021-08-30T15:08:00,140 DEBUG[scheduling-1] .h.e.j.s.SqlStatementLogger: 
    select
        transactio0_.id as id1_3_,
        transactio0_.created_by as created_2_3_,
        transactio0_.created_date as created_3_3_,
        transactio0_.description as descript4_3_,
        transactio0_.end_time as end_time5_3_,
        transactio0_.interaction_id as interact6_3_,
        transactio0_.kip_id as kip_id7_3_,
        transactio0_.nama_customer as nama_cus8_3_,
        transactio0_.no_hp as no_hp9_3_,
        transactio0_.start_time as start_t10_3_,
        transactio0_.status as status11_3_,
        transactio0_.terminal_id as termina12_3_,
        transactio0_.tgl_transaksi as tgl_tra13_3_,
        transactio0_.total_time as total_t14_3_,
        transactio0_.transaction_id as transac15_3_,
        transactio0_.transaction_type as transac16_3_ 
    from
        ps_transaction transactio0_ 
    where
        transactio0_.created_date>=? 
        and transactio0_.created_date<=?
2021-08-30T15:08:02,002 DEBUG[scheduling-1] .h.e.j.s.SqlStatementLogger: 
    select
        lgpayment0_.id as id1_0_,
        lgpayment0_.amount as amount2_0_,
        lgpayment0_.created_by as created_3_0_,
        lgpayment0_.created_date as created_4_0_,
        lgpayment0_.ecr as ecr5_0_,
        lgpayment0_.fa_account_id as fa_accou6_0_,
        lgpayment0_.no_hp as no_hp7_0_,
        lgpayment0_.payment_method as payment_8_0_,
        lgpayment0_.rec_status as rec_stat9_0_,
        lgpayment0_.response_code as respons10_0_,
        lgpayment0_.status as status11_0_,
        lgpayment0_.submit_amount as submit_12_0_,
        lgpayment0_.transaction_id as transac13_0_,
        lgpayment0_.updated_by as updated14_0_,
        lgpayment0_.updated_date as updated15_0_ 
    from
        lg_payment lgpayment0_ 
    where
        lgpayment0_.transaction_id=?
2021-08-30T15:08:02,080 DEBUG[scheduling-1] .h.e.j.s.SqlStatementLogger: 
    select
        lgpayment0_.id as id1_0_,
        lgpayment0_.amount as amount2_0_,
        lgpayment0_.created_by as created_3_0_,
        lgpayment0_.created_date as created_4_0_,
        lgpayment0_.ecr as ecr5_0_,
        lgpayment0_.fa_account_id as fa_accou6_0_,
        lgpayment0_.no_hp as no_hp7_0_,
        lgpayment0_.payment_method as payment_8_0_,
        lgpayment0_.rec_status as rec_stat9_0_,
        lgpayment0_.response_code as respons10_0_,
        lgpayment0_.status as status11_0_,
        lgpayment0_.submit_amount as submit_12_0_,
        lgpayment0_.transaction_id as transac13_0_,
        lgpayment0_.updated_by as updated14_0_,
        lgpayment0_.updated_date as updated15_0_ 
    from
        lg_payment lgpayment0_ 
    where
        lgpayment0_.transaction_id=?
2021-08-30T15:08:02,161 DEBUG[scheduling-1] .h.e.j.s.SqlStatementLogger: 
    select
        terminal0_.id as id1_2_0_,
        terminal0_.area as area2_2_0_,
        terminal0_.created_by as created_3_2_0_,
        terminal0_.created_date as created_4_2_0_,
        terminal0_.ctp_type as ctp_type5_2_0_,
        terminal0_.kecamatan as kecamata6_2_0_,
        terminal0_.kode_pos as kode_pos7_2_0_,
        terminal0_.kontak_pic as kontak_p8_2_0_,
        terminal0_.kota_kabupaten as kota_kab9_2_0_,
        terminal0_.pic as pic10_2_0_,
        terminal0_.rec_status as rec_sta11_2_0_,
        terminal0_.regional as regiona12_2_0_,
        terminal0_.regional_code as regiona13_2_0_,
        terminal0_.status as status14_2_0_,
        terminal0_.terminal_id as termina15_2_0_,
        terminal0_.terminal_location as termina16_2_0_,
        terminal0_.terminal_name as termina17_2_0_,
        terminal0_.updated_by as updated18_2_0_,
        terminal0_.updated_date as updated19_2_0_ 
    from
        ms_terminal terminal0_ 
    where
        terminal0_.terminal_id=?
2021-08-30T15:08:02,248 DEBUG[scheduling-1] .h.e.j.s.SqlStatementLogger: 
    select
        regionalre0_.id as id1_1_0_,
        regionalre0_.bank_code as bank_cod2_1_0_,
        regionalre0_.bank_code_api as bank_cod3_1_0_,
        regionalre0_.bank_name as bank_nam4_1_0_,
        regionalre0_.regional as regional5_1_0_,
        regionalre0_.regional_id as regional6_1_0_ 
    from
        ms_regional_revass regionalre0_ 
    where
        regionalre0_.regional_id=?
2021-08-30T15:08:02,319 DEBUG[scheduling-1] .h.e.j.s.SqlStatementLogger: 
    select
        lgpayment0_.id as id1_0_,
        lgpayment0_.amount as amount2_0_,
        lgpayment0_.created_by as created_3_0_,
        lgpayment0_.created_date as created_4_0_,
        lgpayment0_.ecr as ecr5_0_,
        lgpayment0_.fa_account_id as fa_accou6_0_,
        lgpayment0_.no_hp as no_hp7_0_,
        lgpayment0_.payment_method as payment_8_0_,
        lgpayment0_.rec_status as rec_stat9_0_,
        lgpayment0_.response_code as respons10_0_,
        lgpayment0_.status as status11_0_,
        lgpayment0_.submit_amount as submit_12_0_,
        lgpayment0_.transaction_id as transac13_0_,
        lgpayment0_.updated_by as updated14_0_,
        lgpayment0_.updated_date as updated15_0_ 
    from
        lg_payment lgpayment0_ 
    where
        lgpayment0_.transaction_id=?
2021-08-30T15:08:02,386 DEBUG[scheduling-1] .h.e.j.s.SqlStatementLogger: 
    select
        terminal0_.id as id1_2_0_,
        terminal0_.area as area2_2_0_,
        terminal0_.created_by as created_3_2_0_,
        terminal0_.created_date as created_4_2_0_,
        terminal0_.ctp_type as ctp_type5_2_0_,
        terminal0_.kecamatan as kecamata6_2_0_,
        terminal0_.kode_pos as kode_pos7_2_0_,
        terminal0_.kontak_pic as kontak_p8_2_0_,
        terminal0_.kota_kabupaten as kota_kab9_2_0_,
        terminal0_.pic as pic10_2_0_,
        terminal0_.rec_status as rec_sta11_2_0_,
        terminal0_.regional as regiona12_2_0_,
        terminal0_.regional_code as regiona13_2_0_,
        terminal0_.status as status14_2_0_,
        terminal0_.terminal_id as termina15_2_0_,
        terminal0_.terminal_location as termina16_2_0_,
        terminal0_.terminal_name as termina17_2_0_,
        terminal0_.updated_by as updated18_2_0_,
        terminal0_.updated_date as updated19_2_0_ 
    from
        ms_terminal terminal0_ 
    where
        terminal0_.terminal_id=?
2021-08-30T15:08:02,467 DEBUG[scheduling-1] .h.e.j.s.SqlStatementLogger: 
    select
        regionalre0_.id as id1_1_0_,
        regionalre0_.bank_code as bank_cod2_1_0_,
        regionalre0_.bank_code_api as bank_cod3_1_0_,
        regionalre0_.bank_name as bank_nam4_1_0_,
        regionalre0_.regional as regional5_1_0_,
        regionalre0_.regional_id as regional6_1_0_ 
    from
        ms_regional_revass regionalre0_ 
    where
        regionalre0_.regional_id=?
2021-08-30T15:08:02,559 DEBUG[scheduling-1] .h.e.j.s.SqlStatementLogger: 
    select
        lgpayment0_.id as id1_0_,
        lgpayment0_.amount as amount2_0_,
        lgpayment0_.created_by as created_3_0_,
        lgpayment0_.created_date as created_4_0_,
        lgpayment0_.ecr as ecr5_0_,
        lgpayment0_.fa_account_id as fa_accou6_0_,
        lgpayment0_.no_hp as no_hp7_0_,
        lgpayment0_.payment_method as payment_8_0_,
        lgpayment0_.rec_status as rec_stat9_0_,
        lgpayment0_.response_code as respons10_0_,
        lgpayment0_.status as status11_0_,
        lgpayment0_.submit_amount as submit_12_0_,
        lgpayment0_.transaction_id as transac13_0_,
        lgpayment0_.updated_by as updated14_0_,
        lgpayment0_.updated_date as updated15_0_ 
    from
        lg_payment lgpayment0_ 
    where
        lgpayment0_.transaction_id=?
2021-08-30T15:08:02,627 DEBUG[scheduling-1] .h.e.j.s.SqlStatementLogger: 
    select
        terminal0_.id as id1_2_0_,
        terminal0_.area as area2_2_0_,
        terminal0_.created_by as created_3_2_0_,
        terminal0_.created_date as created_4_2_0_,
        terminal0_.ctp_type as ctp_type5_2_0_,
        terminal0_.kecamatan as kecamata6_2_0_,
        terminal0_.kode_pos as kode_pos7_2_0_,
        terminal0_.kontak_pic as kontak_p8_2_0_,
        terminal0_.kota_kabupaten as kota_kab9_2_0_,
        terminal0_.pic as pic10_2_0_,
        terminal0_.rec_status as rec_sta11_2_0_,
        terminal0_.regional as regiona12_2_0_,
        terminal0_.regional_code as regiona13_2_0_,
        terminal0_.status as status14_2_0_,
        terminal0_.terminal_id as termina15_2_0_,
        terminal0_.terminal_location as termina16_2_0_,
        terminal0_.terminal_name as termina17_2_0_,
        terminal0_.updated_by as updated18_2_0_,
        terminal0_.updated_date as updated19_2_0_ 
    from
        ms_terminal terminal0_ 
    where
        terminal0_.terminal_id=?
2021-08-30T15:08:02,706 DEBUG[scheduling-1] .h.e.j.s.SqlStatementLogger: 
    select
        regionalre0_.id as id1_1_0_,
        regionalre0_.bank_code as bank_cod2_1_0_,
        regionalre0_.bank_code_api as bank_cod3_1_0_,
        regionalre0_.bank_name as bank_nam4_1_0_,
        regionalre0_.regional as regional5_1_0_,
        regionalre0_.regional_id as regional6_1_0_ 
    from
        ms_regional_revass regionalre0_ 
    where
        regionalre0_.regional_id=?
2021-08-30T15:08:10,693 INFO [RMI TCP Connection(4)-127.0.0.1] .s.b.a.SpringApplicationAdminMXBeanRegistrar$SpringApplicationAdmin: Application shutdown requested.
2021-08-30T15:08:10,696 INFO [RMI TCP Connection(4)-127.0.0.1] .s.s.c.ExecutorConfigurationSupport: Shutting down ExecutorService 'taskScheduler'
2021-08-30T15:08:10,698 INFO [RMI TCP Connection(4)-127.0.0.1] .s.s.c.ExecutorConfigurationSupport: Shutting down ExecutorService 'applicationTaskExecutor'
2021-08-30T15:08:10,699 INFO [RMI TCP Connection(4)-127.0.0.1] .s.o.j.AbstractEntityManagerFactoryBean: Closing JPA EntityManagerFactory for persistence unit 'default'
2021-08-30T15:08:10,701 INFO [RMI TCP Connection(4)-127.0.0.1] .z.h.HikariDataSource: HikariPool-1 - Shutdown initiated...
2021-08-30T15:08:40,707 INFO [RMI TCP Connection(4)-127.0.0.1] .z.h.HikariDataSource: HikariPool-1 - Shutdown completed.
2021-08-30T15:08:40,720 INFO [RMI TCP Connection(4)-127.0.0.1] .a.j.l.DirectJDKLog: Pausing ProtocolHandler ["http-nio-9385"]
2021-08-30T15:08:41,241 INFO [RMI TCP Connection(4)-127.0.0.1] .a.j.l.DirectJDKLog: Stopping service [Tomcat]
2021-08-30T15:08:41,245 INFO [RMI TCP Connection(4)-127.0.0.1] .a.j.l.DirectJDKLog: Destroying Spring FrameworkServlet 'dispatcherServlet'
2021-08-30T15:08:41,251 INFO [RMI TCP Connection(4)-127.0.0.1] .a.j.l.DirectJDKLog: Stopping ProtocolHandler ["http-nio-9385"]
2021-08-30T15:08:41,254 INFO [RMI TCP Connection(4)-127.0.0.1] .a.j.l.DirectJDKLog: Destroying ProtocolHandler ["http-nio-9385"]
2021-08-30T15:16:37,568 INFO [main] .s.c.c.c.ConfigServicePropertySourceLocator: Fetching config from server at : http://localhost:8888
2021-08-30T15:16:39,132 INFO [main] .s.c.c.c.ConfigServicePropertySourceLocator: Located environment: name=svc-scheduler-transaction-log, profiles=[preprod], label=v1, version=null, state=null
2021-08-30T15:16:39,134 INFO [main] .s.c.b.c.PropertySourceBootstrapConfiguration: Located property source: [BootstrapPropertySource {name='bootstrapProperties-svc-scheduler-transaction-log-preprod'}]
2021-08-30T15:16:39,161 INFO [main] .s.b.SpringApplication: The following profiles are active: local
2021-08-30T15:16:39,784 INFO [main] .s.d.r.c.RepositoryConfigurationDelegate: Bootstrapping Spring Data JPA repositories in DEFAULT mode.
2021-08-30T15:16:39,843 INFO [main] .s.d.r.c.RepositoryConfigurationDelegate: Finished Spring Data repository scanning in 51ms. Found 2 JPA repository interfaces.
2021-08-30T15:16:40,018 INFO [main] .s.c.c.s.GenericScope: BeanFactory id=2b526c6b-3b4f-348e-a355-f302ba9d3d23
2021-08-30T15:16:40,456 INFO [main] .s.b.w.e.t.TomcatWebServer: Tomcat initialized with port(s): 9385 (http)
2021-08-30T15:16:40,463 INFO [main] .a.j.l.DirectJDKLog: Initializing ProtocolHandler ["http-nio-9385"]
2021-08-30T15:16:40,464 INFO [main] .a.j.l.DirectJDKLog: Starting service [Tomcat]
2021-08-30T15:16:40,464 INFO [main] .a.j.l.DirectJDKLog: Starting Servlet engine: [Apache Tomcat/9.0.31]
2021-08-30T15:16:40,567 INFO [main] .a.j.l.DirectJDKLog: Initializing Spring embedded WebApplicationContext
2021-08-30T15:16:40,567 INFO [main] .s.b.w.s.c.ServletWebServerApplicationContext: Root WebApplicationContext: initialization completed in 1395 ms
2021-08-30T15:16:40,907 INFO [main] .z.h.HikariDataSource: HikariPool-1 - Starting...
2021-08-30T15:17:45,351 INFO [main] .s.c.c.c.ConfigServicePropertySourceLocator: Fetching config from server at : http://localhost:8888
2021-08-30T15:17:47,237 INFO [main] .s.c.c.c.ConfigServicePropertySourceLocator: Located environment: name=svc-scheduler-transaction-log, profiles=[preprod], label=v1, version=null, state=null
2021-08-30T15:17:47,238 INFO [main] .s.c.b.c.PropertySourceBootstrapConfiguration: Located property source: [BootstrapPropertySource {name='bootstrapProperties-svc-scheduler-transaction-log-preprod'}]
2021-08-30T15:17:47,277 INFO [main] .s.b.SpringApplication: The following profiles are active: local
2021-08-30T15:17:47,825 INFO [main] .s.d.r.c.RepositoryConfigurationDelegate: Bootstrapping Spring Data JPA repositories in DEFAULT mode.
2021-08-30T15:17:47,872 INFO [main] .s.d.r.c.RepositoryConfigurationDelegate: Finished Spring Data repository scanning in 41ms. Found 2 JPA repository interfaces.
2021-08-30T15:17:48,011 INFO [main] .s.c.c.s.GenericScope: BeanFactory id=2b526c6b-3b4f-348e-a355-f302ba9d3d23
2021-08-30T15:17:48,400 INFO [main] .s.b.w.e.t.TomcatWebServer: Tomcat initialized with port(s): 9385 (http)
2021-08-30T15:17:48,408 INFO [main] .a.j.l.DirectJDKLog: Initializing ProtocolHandler ["http-nio-9385"]
2021-08-30T15:17:48,409 INFO [main] .a.j.l.DirectJDKLog: Starting service [Tomcat]
2021-08-30T15:17:48,409 INFO [main] .a.j.l.DirectJDKLog: Starting Servlet engine: [Apache Tomcat/9.0.31]
2021-08-30T15:17:48,515 INFO [main] .a.j.l.DirectJDKLog: Initializing Spring embedded WebApplicationContext
2021-08-30T15:17:48,515 INFO [main] .s.b.w.s.c.ServletWebServerApplicationContext: Root WebApplicationContext: initialization completed in 1228 ms
2021-08-30T15:17:48,807 INFO [main] .z.h.HikariDataSource: HikariPool-1 - Starting...
2021-08-30T15:17:54,043 INFO [main] .z.h.HikariDataSource: HikariPool-1 - Start completed.
2021-08-30T15:17:54,092 INFO [main] .h.j.i.u.LogHelper: HHH000204: Processing PersistenceUnitInfo [name: default]
2021-08-30T15:17:54,148 INFO [main] .h.Version: HHH000412: Hibernate ORM core version 5.4.12.Final
2021-08-30T15:17:54,249 INFO [main] .h.a.c.r.j.JavaReflectionManager: HCANN000001: Hibernate Commons Annotations {5.1.0.Final}
2021-08-30T15:17:54,340 INFO [main] .h.d.Dialect: HHH000400: Using dialect: org.hibernate.dialect.PostgreSQL10Dialect
2021-08-30T15:18:01,492 INFO [main] .h.e.t.j.p.i.JtaPlatformInitiator: HHH000490: Using JtaPlatform implementation: [org.hibernate.engine.transaction.jta.platform.internal.NoJtaPlatform]
2021-08-30T15:18:01,499 INFO [main] .s.o.j.AbstractEntityManagerFactoryBean: Initialized JPA EntityManagerFactory for persistence unit 'default'
2021-08-30T15:18:01,724 WARN [main] .s.b.a.o.j.JpaBaseConfiguration$JpaWebConfiguration: spring.jpa.open-in-view is enabled by default. Therefore, database queries may be performed during view rendering. Explicitly configure spring.jpa.open-in-view to disable this warning
2021-08-30T15:18:02,088 INFO [main] .s.s.c.ExecutorConfigurationSupport: Initializing ExecutorService 'applicationTaskExecutor'
2021-08-30T15:18:02,449 INFO [main] .s.s.c.ExecutorConfigurationSupport: Initializing ExecutorService 'taskScheduler'
2021-08-30T15:18:03,320 INFO [main] .s.b.a.e.w.EndpointLinksResolver: Exposing 3 endpoint(s) beneath base path '/actuator'
2021-08-30T15:18:03,415 INFO [main] .a.j.l.DirectJDKLog: Starting ProtocolHandler ["http-nio-9385"]
2021-08-30T15:18:03,440 INFO [main] .s.b.w.e.t.TomcatWebServer: Tomcat started on port(s): 9385 (http) with context path '/svc-scheduler-transaction-log'
2021-08-30T15:18:03,708 INFO [RMI TCP Connection(1)-127.0.0.1] .a.j.l.DirectJDKLog: Initializing Spring DispatcherServlet 'dispatcherServlet'
2021-08-30T15:18:03,708 INFO [RMI TCP Connection(1)-127.0.0.1] .s.w.s.FrameworkServlet: Initializing Servlet 'dispatcherServlet'
2021-08-30T15:18:03,716 INFO [RMI TCP Connection(1)-127.0.0.1] .s.w.s.FrameworkServlet: Completed initialization in 7 ms
2021-08-30T15:18:04,312 INFO [main] .s.b.StartupInfoLogger: Started SvcSchedulerTransactionLogApplication in 21.321 seconds (JVM running for 23.157)
2021-08-30T15:19:00,108 DEBUG[scheduling-1] .h.e.j.s.SqlStatementLogger: 
    select
        transactio0_.id as id1_3_,
        transactio0_.created_by as created_2_3_,
        transactio0_.created_date as created_3_3_,
        transactio0_.description as descript4_3_,
        transactio0_.end_time as end_time5_3_,
        transactio0_.interaction_id as interact6_3_,
        transactio0_.kip_id as kip_id7_3_,
        transactio0_.nama_customer as nama_cus8_3_,
        transactio0_.no_hp as no_hp9_3_,
        transactio0_.start_time as start_t10_3_,
        transactio0_.status as status11_3_,
        transactio0_.terminal_id as termina12_3_,
        transactio0_.tgl_transaksi as tgl_tra13_3_,
        transactio0_.total_time as total_t14_3_,
        transactio0_.transaction_id as transac15_3_,
        transactio0_.transaction_type as transac16_3_ 
    from
        ps_transaction transactio0_ 
    where
        transactio0_.created_date>=? 
        and transactio0_.created_date<=?
2021-08-30T15:19:01,173 DEBUG[scheduling-1] .h.e.j.s.SqlStatementLogger: 
    select
        lgpayment0_.id as id1_0_,
        lgpayment0_.amount as amount2_0_,
        lgpayment0_.created_by as created_3_0_,
        lgpayment0_.created_date as created_4_0_,
        lgpayment0_.ecr as ecr5_0_,
        lgpayment0_.fa_account_id as fa_accou6_0_,
        lgpayment0_.no_hp as no_hp7_0_,
        lgpayment0_.payment_method as payment_8_0_,
        lgpayment0_.rec_status as rec_stat9_0_,
        lgpayment0_.response_code as respons10_0_,
        lgpayment0_.status as status11_0_,
        lgpayment0_.submit_amount as submit_12_0_,
        lgpayment0_.transaction_id as transac13_0_,
        lgpayment0_.updated_by as updated14_0_,
        lgpayment0_.updated_date as updated15_0_ 
    from
        lg_payment lgpayment0_ 
    where
        lgpayment0_.transaction_id=?
2021-08-30T15:19:01,268 DEBUG[scheduling-1] .h.e.j.s.SqlStatementLogger: 
    select
        terminal0_.id as id1_2_0_,
        terminal0_.area as area2_2_0_,
        terminal0_.created_by as created_3_2_0_,
        terminal0_.created_date as created_4_2_0_,
        terminal0_.ctp_type as ctp_type5_2_0_,
        terminal0_.kecamatan as kecamata6_2_0_,
        terminal0_.kode_pos as kode_pos7_2_0_,
        terminal0_.kontak_pic as kontak_p8_2_0_,
        terminal0_.kota_kabupaten as kota_kab9_2_0_,
        terminal0_.pic as pic10_2_0_,
        terminal0_.rec_status as rec_sta11_2_0_,
        terminal0_.regional as regiona12_2_0_,
        terminal0_.regional_code as regiona13_2_0_,
        terminal0_.status as status14_2_0_,
        terminal0_.terminal_id as termina15_2_0_,
        terminal0_.terminal_location as termina16_2_0_,
        terminal0_.terminal_name as termina17_2_0_,
        terminal0_.updated_by as updated18_2_0_,
        terminal0_.updated_date as updated19_2_0_ 
    from
        ms_terminal terminal0_ 
    where
        terminal0_.terminal_id=?
2021-08-30T15:19:01,364 DEBUG[scheduling-1] .h.e.j.s.SqlStatementLogger: 
    select
        regionalre0_.id as id1_1_0_,
        regionalre0_.bank_code as bank_cod2_1_0_,
        regionalre0_.bank_code_api as bank_cod3_1_0_,
        regionalre0_.bank_name as bank_nam4_1_0_,
        regionalre0_.regional as regional5_1_0_,
        regionalre0_.regional_id as regional6_1_0_ 
    from
        ms_regional_revass regionalre0_ 
    where
        regionalre0_.regional_id=?
2021-08-30T15:19:04,936 DEBUG[scheduling-1] .h.e.j.s.SqlStatementLogger: 
    select
        lgpayment0_.id as id1_0_,
        lgpayment0_.amount as amount2_0_,
        lgpayment0_.created_by as created_3_0_,
        lgpayment0_.created_date as created_4_0_,
        lgpayment0_.ecr as ecr5_0_,
        lgpayment0_.fa_account_id as fa_accou6_0_,
        lgpayment0_.no_hp as no_hp7_0_,
        lgpayment0_.payment_method as payment_8_0_,
        lgpayment0_.rec_status as rec_stat9_0_,
        lgpayment0_.response_code as respons10_0_,
        lgpayment0_.status as status11_0_,
        lgpayment0_.submit_amount as submit_12_0_,
        lgpayment0_.transaction_id as transac13_0_,
        lgpayment0_.updated_by as updated14_0_,
        lgpayment0_.updated_date as updated15_0_ 
    from
        lg_payment lgpayment0_ 
    where
        lgpayment0_.transaction_id=?
2021-08-30T15:19:05,116 DEBUG[scheduling-1] .h.e.j.s.SqlStatementLogger: 
    select
        terminal0_.id as id1_2_0_,
        terminal0_.area as area2_2_0_,
        terminal0_.created_by as created_3_2_0_,
        terminal0_.created_date as created_4_2_0_,
        terminal0_.ctp_type as ctp_type5_2_0_,
        terminal0_.kecamatan as kecamata6_2_0_,
        terminal0_.kode_pos as kode_pos7_2_0_,
        terminal0_.kontak_pic as kontak_p8_2_0_,
        terminal0_.kota_kabupaten as kota_kab9_2_0_,
        terminal0_.pic as pic10_2_0_,
        terminal0_.rec_status as rec_sta11_2_0_,
        terminal0_.regional as regiona12_2_0_,
        terminal0_.regional_code as regiona13_2_0_,
        terminal0_.status as status14_2_0_,
        terminal0_.terminal_id as termina15_2_0_,
        terminal0_.terminal_location as termina16_2_0_,
        terminal0_.terminal_name as termina17_2_0_,
        terminal0_.updated_by as updated18_2_0_,
        terminal0_.updated_date as updated19_2_0_ 
    from
        ms_terminal terminal0_ 
    where
        terminal0_.terminal_id=?
2021-08-30T15:19:05,195 DEBUG[scheduling-1] .h.e.j.s.SqlStatementLogger: 
    select
        regionalre0_.id as id1_1_0_,
        regionalre0_.bank_code as bank_cod2_1_0_,
        regionalre0_.bank_code_api as bank_cod3_1_0_,
        regionalre0_.bank_name as bank_nam4_1_0_,
        regionalre0_.regional as regional5_1_0_,
        regionalre0_.regional_id as regional6_1_0_ 
    from
        ms_regional_revass regionalre0_ 
    where
        regionalre0_.regional_id=?
2021-08-30T15:19:05,256 DEBUG[scheduling-1] .h.e.j.s.SqlStatementLogger: 
    select
        lgpayment0_.id as id1_0_,
        lgpayment0_.amount as amount2_0_,
        lgpayment0_.created_by as created_3_0_,
        lgpayment0_.created_date as created_4_0_,
        lgpayment0_.ecr as ecr5_0_,
        lgpayment0_.fa_account_id as fa_accou6_0_,
        lgpayment0_.no_hp as no_hp7_0_,
        lgpayment0_.payment_method as payment_8_0_,
        lgpayment0_.rec_status as rec_stat9_0_,
        lgpayment0_.response_code as respons10_0_,
        lgpayment0_.status as status11_0_,
        lgpayment0_.submit_amount as submit_12_0_,
        lgpayment0_.transaction_id as transac13_0_,
        lgpayment0_.updated_by as updated14_0_,
        lgpayment0_.updated_date as updated15_0_ 
    from
        lg_payment lgpayment0_ 
    where
        lgpayment0_.transaction_id=?
2021-08-30T15:19:05,347 DEBUG[scheduling-1] .h.e.j.s.SqlStatementLogger: 
    select
        lgpayment0_.id as id1_0_,
        lgpayment0_.amount as amount2_0_,
        lgpayment0_.created_by as created_3_0_,
        lgpayment0_.created_date as created_4_0_,
        lgpayment0_.ecr as ecr5_0_,
        lgpayment0_.fa_account_id as fa_accou6_0_,
        lgpayment0_.no_hp as no_hp7_0_,
        lgpayment0_.payment_method as payment_8_0_,
        lgpayment0_.rec_status as rec_stat9_0_,
        lgpayment0_.response_code as respons10_0_,
        lgpayment0_.status as status11_0_,
        lgpayment0_.submit_amount as submit_12_0_,
        lgpayment0_.transaction_id as transac13_0_,
        lgpayment0_.updated_by as updated14_0_,
        lgpayment0_.updated_date as updated15_0_ 
    from
        lg_payment lgpayment0_ 
    where
        lgpayment0_.transaction_id=?
2021-08-30T15:19:05,623 DEBUG[scheduling-1] .h.e.j.s.SqlStatementLogger: 
    select
        terminal0_.id as id1_2_0_,
        terminal0_.area as area2_2_0_,
        terminal0_.created_by as created_3_2_0_,
        terminal0_.created_date as created_4_2_0_,
        terminal0_.ctp_type as ctp_type5_2_0_,
        terminal0_.kecamatan as kecamata6_2_0_,
        terminal0_.kode_pos as kode_pos7_2_0_,
        terminal0_.kontak_pic as kontak_p8_2_0_,
        terminal0_.kota_kabupaten as kota_kab9_2_0_,
        terminal0_.pic as pic10_2_0_,
        terminal0_.rec_status as rec_sta11_2_0_,
        terminal0_.regional as regiona12_2_0_,
        terminal0_.regional_code as regiona13_2_0_,
        terminal0_.status as status14_2_0_,
        terminal0_.terminal_id as termina15_2_0_,
        terminal0_.terminal_location as termina16_2_0_,
        terminal0_.terminal_name as termina17_2_0_,
        terminal0_.updated_by as updated18_2_0_,
        terminal0_.updated_date as updated19_2_0_ 
    from
        ms_terminal terminal0_ 
    where
        terminal0_.terminal_id=?
2021-08-30T15:19:05,702 DEBUG[scheduling-1] .h.e.j.s.SqlStatementLogger: 
    select
        regionalre0_.id as id1_1_0_,
        regionalre0_.bank_code as bank_cod2_1_0_,
        regionalre0_.bank_code_api as bank_cod3_1_0_,
        regionalre0_.bank_name as bank_nam4_1_0_,
        regionalre0_.regional as regional5_1_0_,
        regionalre0_.regional_id as regional6_1_0_ 
    from
        ms_regional_revass regionalre0_ 
    where
        regionalre0_.regional_id=?
2021-08-30T15:19:10,997 INFO [RMI TCP Connection(3)-127.0.0.1] .s.b.a.SpringApplicationAdminMXBeanRegistrar$SpringApplicationAdmin: Application shutdown requested.
2021-08-30T15:19:10,999 INFO [RMI TCP Connection(3)-127.0.0.1] .s.s.c.ExecutorConfigurationSupport: Shutting down ExecutorService 'taskScheduler'
2021-08-30T15:19:11,002 INFO [RMI TCP Connection(3)-127.0.0.1] .s.s.c.ExecutorConfigurationSupport: Shutting down ExecutorService 'applicationTaskExecutor'
2021-08-30T15:19:11,003 INFO [RMI TCP Connection(3)-127.0.0.1] .s.o.j.AbstractEntityManagerFactoryBean: Closing JPA EntityManagerFactory for persistence unit 'default'
2021-08-30T15:19:11,006 INFO [RMI TCP Connection(3)-127.0.0.1] .z.h.HikariDataSource: HikariPool-1 - Shutdown initiated...
2021-08-30T15:19:11,014 INFO [RMI TCP Connection(3)-127.0.0.1] .z.h.HikariDataSource: HikariPool-1 - Shutdown completed.
2021-08-30T15:19:11,019 INFO [RMI TCP Connection(3)-127.0.0.1] .a.j.l.DirectJDKLog: Pausing ProtocolHandler ["http-nio-9385"]
2021-08-30T15:19:11,528 INFO [RMI TCP Connection(3)-127.0.0.1] .a.j.l.DirectJDKLog: Stopping service [Tomcat]
2021-08-30T15:19:11,532 INFO [RMI TCP Connection(3)-127.0.0.1] .a.j.l.DirectJDKLog: Destroying Spring FrameworkServlet 'dispatcherServlet'
2021-08-30T15:19:11,538 INFO [RMI TCP Connection(3)-127.0.0.1] .a.j.l.DirectJDKLog: Stopping ProtocolHandler ["http-nio-9385"]
2021-08-30T15:19:11,542 INFO [RMI TCP Connection(3)-127.0.0.1] .a.j.l.DirectJDKLog: Destroying ProtocolHandler ["http-nio-9385"]
